【微信网页授权】获得code，redirectUrl=https://open.weixin.qq.com/connect/oauth2/authorize?appid=wx7e43b0ef828ebb9e&redirect_uri=http%3A%2F%2Fwcs.natapp1.cc%2Fsell%2Fwechat%2FuserInfo&response_type=code&scope=snsapi_userinfo&state=http%3A%2F%2Fwww.imooc.com&connect_redirect=1#wechat_redirect
【微信网页授权】获得code，redirectUrl=https://open.weixin.qq.com/connect/oauth2/authorize?appid=wx7e43b0ef828ebb9e&redirect_uri=http%3A%2F%2Fwcs.natapp1.cc%2Fsell%2Fwechat%2FuserInfo&response_type=code&scope=snsapi_userinfo&state=http%3A%2F%2Fwww.imooc.com&connect_redirect=1#wechat_redirect
orderDetailEntity:[OrderDetailEntity(detailId=null, orderId=null, productId=123456, productName=null, productPrice=null, productQuantity=1, productIcon=null)]
orderDTO:OrderDTO(orderId=null, buyerName=我, buyerPhone=我, buyerAddress=我, buyerOpenid=oprCQ5gpE05zbdKXq3J3A04rrFrI, orderAmount=null, orderStatus=null, payStatus=null, createTime=null, updateTime=null, orderDetailEntityList=[OrderDetailEntity(detailId=null, orderId=null, productId=123456, productName=null, productPrice=null, productQuantity=1, productIcon=null)])
orderDetailEntity:[OrderDetailEntity(detailId=null, orderId=null, productId=123456, productName=null, productPrice=null, productQuantity=1, productIcon=null)]
orderDTO:OrderDTO(orderId=null, buyerName=我, buyerPhone=我, buyerAddress=我, buyerOpenid=oprCQ5gpE05zbdKXq3J3A04rrFrI, orderAmount=null, orderStatus=null, payStatus=null, createTime=null, updateTime=null, orderDetailEntityList=[OrderDetailEntity(detailId=null, orderId=null, productId=123456, productName=null, productPrice=null, productQuantity=1, productIcon=null)])
orderDetailEntity:[OrderDetailEntity(detailId=null, orderId=null, productId=123456, productName=null, productPrice=null, productQuantity=1, productIcon=null)]
orderDTO:OrderDTO(orderId=null, buyerName=曹, buyerPhone=111, buyerAddress=q q, buyerOpenid=oprCQ5gpE05zbdKXq3J3A04rrFrI, orderAmount=null, orderStatus=null, payStatus=null, createTime=null, updateTime=null, orderDetailEntityList=[OrderDetailEntity(detailId=null, orderId=null, productId=123456, productName=null, productPrice=null, productQuantity=1, productIcon=null)])
Starting SellApplication on DESKTOP-GP4UST7 with PID 14168 (D:\workspace\sell\target\classes started by 89284 in D:\workspace\sell)
No active profile set, falling back to default profiles: default
Tomcat initialized with port(s): 8080 (http)
Initializing ProtocolHandler ["http-nio-8080"]
Starting service [Tomcat]
Starting Servlet engine: [Apache Tomcat/9.0.19]
Initializing Spring embedded WebApplicationContext
Root WebApplicationContext: initialization completed in 950 ms
Initializing ExecutorService 'applicationTaskExecutor'
Starting ProtocolHandler ["http-nio-8080"]
Tomcat started on port(s): 8080 (http) with context path '/sell'
Started SellApplication in 2.86 seconds (JVM running for 3.91)
Initializing Spring DispatcherServlet 'dispatcherServlet'
Initializing Servlet 'dispatcherServlet'
Completed initialization in 5 ms
HikariPool-1 - Starting...
HikariPool-1 - Start completed.
orderDetailEntity:[OrderDetailEntity(detailId=null, orderId=null, productId=123456, productName=null, productPrice=null, productQuantity=1, productIcon=null)]
orderDTO:OrderDTO(orderId=null, buyerName=曹, buyerPhone=111, buyerAddress=q, buyerOpenid=oprCQ5gpE05zbdKXq3J3A04rrFrI, orderAmount=null, orderStatus=null, payStatus=null, createTime=null, updateTime=null, orderDetailEntityList=[OrderDetailEntity(detailId=null, orderId=null, productId=123456, productName=null, productPrice=null, productQuantity=1, productIcon=null)])
orderDetailEntity:[OrderDetailEntity(detailId=null, orderId=null, productId=123456, productName=null, productPrice=null, productQuantity=1, productIcon=null)]
orderDTO:OrderDTO(orderId=null, buyerName=曹超超, buyerPhone=18649013345, buyerAddress=学校, buyerOpenid=oprCQ5gpE05zbdKXq3J3A04rrFrI, orderAmount=null, orderStatus=null, payStatus=null, createTime=null, updateTime=null, orderDetailEntityList=[OrderDetailEntity(detailId=null, orderId=null, productId=123456, productName=null, productPrice=null, productQuantity=1, productIcon=null)])
Starting SellApplication on DESKTOP-GP4UST7 with PID 18040 (D:\workspace\sell\target\classes started by 89284 in D:\workspace\sell)
No active profile set, falling back to default profiles: default
Tomcat initialized with port(s): 8080 (http)
Initializing ProtocolHandler ["http-nio-8080"]
Starting service [Tomcat]
Starting Servlet engine: [Apache Tomcat/9.0.19]
Initializing Spring embedded WebApplicationContext
Root WebApplicationContext: initialization completed in 1088 ms
Initializing ExecutorService 'applicationTaskExecutor'
Starting ProtocolHandler ["http-nio-8080"]
Tomcat started on port(s): 8080 (http) with context path '/sell'
Started SellApplication in 3.167 seconds (JVM running for 4.191)
Initializing Spring DispatcherServlet 'dispatcherServlet'
Initializing Servlet 'dispatcherServlet'
Completed initialization in 5 ms
HikariPool-1 - Starting...
HikariPool-1 - Start completed.
orderDetailEntity:[OrderDetailEntity(detailId=null, orderId=null, productId=123456, productName=null, productPrice=null, productQuantity=1, productIcon=null)]
orderDTO:OrderDTO(orderId=null, buyerName=曹超超, buyerPhone=18649013345, buyerAddress=工大, buyerOpenid=oprCQ5gpE05zbdKXq3J3A04rrFrI, orderAmount=null, orderStatus=null, payStatus=null, createTime=null, updateTime=null, orderDetailEntityList=[OrderDetailEntity(detailId=null, orderId=null, productId=123456, productName=null, productPrice=null, productQuantity=1, productIcon=null)])
orderDetailEntity:[OrderDetailEntity(detailId=null, orderId=null, productId=123459, productName=null, productPrice=null, productQuantity=1, productIcon=null)]
orderDTO:OrderDTO(orderId=null, buyerName=张三, buyerPhone=1111, buyerAddress=q, buyerOpenid=oprCQ5gpE05zbdKXq3J3A04rrFrI, orderAmount=null, orderStatus=null, payStatus=null, createTime=null, updateTime=null, orderDetailEntityList=[OrderDetailEntity(detailId=null, orderId=null, productId=123459, productName=null, productPrice=null, productQuantity=1, productIcon=null)])
orderDetailEntity:[OrderDetailEntity(detailId=null, orderId=null, productId=123456, productName=null, productPrice=null, productQuantity=1, productIcon=null), OrderDetailEntity(detailId=null, orderId=null, productId=123459, productName=null, productPrice=null, productQuantity=1, productIcon=null)]
orderDTO:OrderDTO(orderId=null, buyerName=啊, buyerPhone=啊, buyerAddress=啊, buyerOpenid=oprCQ5gpE05zbdKXq3J3A04rrFrI, orderAmount=null, orderStatus=null, payStatus=null, createTime=null, updateTime=null, orderDetailEntityList=[OrderDetailEntity(detailId=null, orderId=null, productId=123456, productName=null, productPrice=null, productQuantity=1, productIcon=null), OrderDetailEntity(detailId=null, orderId=null, productId=123459, productName=null, productPrice=null, productQuantity=1, productIcon=null)])
Starting SellApplication on DESKTOP-GP4UST7 with PID 22268 (D:\workspace\sell\target\classes started by 89284 in D:\workspace\sell)
No active profile set, falling back to default profiles: default
Tomcat initialized with port(s): 8080 (http)
Initializing ProtocolHandler ["http-nio-8080"]
Starting service [Tomcat]
Starting Servlet engine: [Apache Tomcat/9.0.19]
Initializing Spring embedded WebApplicationContext
Root WebApplicationContext: initialization completed in 1222 ms
Initializing ExecutorService 'applicationTaskExecutor'
Starting ProtocolHandler ["http-nio-8080"]
Tomcat started on port(s): 8080 (http) with context path '/sell'
Started SellApplication in 3.036 seconds (JVM running for 4.89)
Initializing Spring DispatcherServlet 'dispatcherServlet'
Initializing Servlet 'dispatcherServlet'
Completed initialization in 5 ms
HikariPool-1 - Starting...
【微信网页授权】获得code，redirectUrl=https://open.weixin.qq.com/connect/oauth2/authorize?appid=wx7e43b0ef828ebb9e&redirect_uri=http%3A%2F%2Fwcs.natapp1.cc%2Fsell%2Fwechat%2FuserInfo&response_type=code&scope=snsapi_userinfo&state=http%3A%2F%2Fsell.com%2F%23%2F&connect_redirect=1#wechat_redirect
HikariPool-1 - Start completed.
orderDetailEntity:[OrderDetailEntity(detailId=null, orderId=null, productId=123456, productName=null, productPrice=null, productQuantity=1, productIcon=null)]
orderDTO:OrderDTO(orderId=null, buyerName=曹超, buyerPhone=1111, buyerAddress=我, buyerOpenid=oprCQ5gpE05zbdKXq3J3A04rrFrI, orderAmount=null, orderStatus=null, payStatus=null, createTime=null, updateTime=null, orderDetailEntityList=[OrderDetailEntity(detailId=null, orderId=null, productId=123456, productName=null, productPrice=null, productQuantity=1, productIcon=null)])
orderDetailEntity:[OrderDetailEntity(detailId=null, orderId=null, productId=123461, productName=null, productPrice=null, productQuantity=1, productIcon=null)]
orderDTO:OrderDTO(orderId=null, buyerName=你, buyerPhone=你, buyerAddress=w, buyerOpenid=oprCQ5gpE05zbdKXq3J3A04rrFrI, orderAmount=null, orderStatus=null, payStatus=null, createTime=null, updateTime=null, orderDetailEntityList=[OrderDetailEntity(detailId=null, orderId=null, productId=123461, productName=null, productPrice=null, productQuantity=1, productIcon=null)])
Starting SellApplication on DESKTOP-GP4UST7 with PID 18784 (D:\workspace\sell\target\classes started by 89284 in D:\workspace\sell)
No active profile set, falling back to default profiles: default
Tomcat initialized with port(s): 8080 (http)
Initializing ProtocolHandler ["http-nio-8080"]
Starting service [Tomcat]
Starting Servlet engine: [Apache Tomcat/9.0.19]
Initializing Spring embedded WebApplicationContext
Root WebApplicationContext: initialization completed in 1069 ms
Initializing ExecutorService 'applicationTaskExecutor'
Starting ProtocolHandler ["http-nio-8080"]
Tomcat started on port(s): 8080 (http) with context path '/sell'
Started SellApplication in 3.139 seconds (JVM running for 4.444)
Initializing Spring DispatcherServlet 'dispatcherServlet'
Initializing Servlet 'dispatcherServlet'
Completed initialization in 5 ms
HikariPool-1 - Starting...
HikariPool-1 - Start completed.
【微信网页授权】获得code，redirectUrl=https://open.weixin.qq.com/connect/oauth2/authorize?appid=wx7e43b0ef828ebb9e&redirect_uri=http%3A%2F%2Fwcs.natapp1.cc%2Fsell%2Fwechat%2FuserInfo&response_type=code&scope=snsapi_userinfo&state=http%3A%2F%2Fsell.com%2F%23%2F&connect_redirect=1#wechat_redirect
orderDetailEntity:[OrderDetailEntity(detailId=null, orderId=null, productId=123456, productName=null, productPrice=null, productQuantity=1, productIcon=null)]
orderDTO:OrderDTO(orderId=null, buyerName=啊, buyerPhone=我, buyerAddress=我, buyerOpenid=oprCQ5gpE05zbdKXq3J3A04rrFrI, orderAmount=null, orderStatus=null, payStatus=null, createTime=null, updateTime=null, orderDetailEntityList=[OrderDetailEntity(detailId=null, orderId=null, productId=123456, productName=null, productPrice=null, productQuantity=1, productIcon=null)])
orderDetailEntity:[OrderDetailEntity(detailId=null, orderId=null, productId=123456, productName=null, productPrice=null, productQuantity=1, productIcon=null)]
orderDTO:OrderDTO(orderId=null, buyerName=啊啊啊, buyerPhone=啊啊啊啊, buyerAddress=啊啊啊, buyerOpenid=oprCQ5gpE05zbdKXq3J3A04rrFrI, orderAmount=null, orderStatus=null, payStatus=null, createTime=null, updateTime=null, orderDetailEntityList=[OrderDetailEntity(detailId=null, orderId=null, productId=123456, productName=null, productPrice=null, productQuantity=1, productIcon=null)])
HikariPool-1 - Thread starvation or clock leap detected (housekeeper delta=54s984ms905µs124ns).
orderDetailEntity:[OrderDetailEntity(detailId=null, orderId=null, productId=123456, productName=null, productPrice=null, productQuantity=1, productIcon=null)]
orderDetailEntity:[OrderDetailEntity(detailId=null, orderId=null, productId=123456, productName=null, productPrice=null, productQuantity=1, productIcon=null)]
orderDTO:OrderDTO(orderId=null, buyerName=啊啊啊, buyerPhone=啊啊啊啊, buyerAddress=啊啊啊, buyerOpenid=oprCQ5gpE05zbdKXq3J3A04rrFrI, orderAmount=null, orderStatus=null, payStatus=null, createTime=null, updateTime=null, orderDetailEntityList=[OrderDetailEntity(detailId=null, orderId=null, productId=123456, productName=null, productPrice=null, productQuantity=1, productIcon=null)])
orderDTO:OrderDTO(orderId=null, buyerName=啊啊啊, buyerPhone=啊啊啊啊, buyerAddress=啊啊啊, buyerOpenid=oprCQ5gpE05zbdKXq3J3A04rrFrI, orderAmount=null, orderStatus=null, payStatus=null, createTime=null, updateTime=null, orderDetailEntityList=[OrderDetailEntity(detailId=null, orderId=null, productId=123456, productName=null, productPrice=null, productQuantity=1, productIcon=null)])
orderDetailEntity:[OrderDetailEntity(detailId=null, orderId=null, productId=123456, productName=null, productPrice=null, productQuantity=1, productIcon=null)]
orderDTO:OrderDTO(orderId=null, buyerName=啊啊啊, buyerPhone=啊啊啊啊, buyerAddress=啊啊啊, buyerOpenid=oprCQ5gpE05zbdKXq3J3A04rrFrI, orderAmount=null, orderStatus=null, payStatus=null, createTime=null, updateTime=null, orderDetailEntityList=[OrderDetailEntity(detailId=null, orderId=null, productId=123456, productName=null, productPrice=null, productQuantity=1, productIcon=null)])
orderDetailEntity:[OrderDetailEntity(detailId=null, orderId=null, productId=123456, productName=null, productPrice=null, productQuantity=1, productIcon=null)]
orderDTO:OrderDTO(orderId=null, buyerName=啊啊啊, buyerPhone=啊啊啊啊, buyerAddress=啊啊啊, buyerOpenid=oprCQ5gpE05zbdKXq3J3A04rrFrI, orderAmount=null, orderStatus=null, payStatus=null, createTime=null, updateTime=null, orderDetailEntityList=[OrderDetailEntity(detailId=null, orderId=null, productId=123456, productName=null, productPrice=null, productQuantity=1, productIcon=null)])
orderDetailEntity:[OrderDetailEntity(detailId=null, orderId=null, productId=123456, productName=null, productPrice=null, productQuantity=1, productIcon=null)]
orderDetailEntity:[OrderDetailEntity(detailId=null, orderId=null, productId=123456, productName=null, productPrice=null, productQuantity=1, productIcon=null)]
orderDTO:OrderDTO(orderId=null, buyerName=啊啊啊, buyerPhone=啊啊啊啊, buyerAddress=啊啊啊, buyerOpenid=oprCQ5gpE05zbdKXq3J3A04rrFrI, orderAmount=null, orderStatus=null, payStatus=null, createTime=null, updateTime=null, orderDetailEntityList=[OrderDetailEntity(detailId=null, orderId=null, productId=123456, productName=null, productPrice=null, productQuantity=1, productIcon=null)])
orderDTO:OrderDTO(orderId=null, buyerName=啊啊啊, buyerPhone=啊啊啊啊, buyerAddress=啊啊啊, buyerOpenid=oprCQ5gpE05zbdKXq3J3A04rrFrI, orderAmount=null, orderStatus=null, payStatus=null, createTime=null, updateTime=null, orderDetailEntityList=[OrderDetailEntity(detailId=null, orderId=null, productId=123456, productName=null, productPrice=null, productQuantity=1, productIcon=null)])
Starting SellApplication on DESKTOP-GP4UST7 with PID 5360 (D:\workspace\sell\target\classes started by 89284 in D:\workspace\sell)
No active profile set, falling back to default profiles: default
Tomcat initialized with port(s): 8080 (http)
Initializing ProtocolHandler ["http-nio-8080"]
Starting service [Tomcat]
Starting Servlet engine: [Apache Tomcat/9.0.19]
Initializing Spring embedded WebApplicationContext
Root WebApplicationContext: initialization completed in 1112 ms
Initializing ExecutorService 'applicationTaskExecutor'
Starting ProtocolHandler ["http-nio-8080"]
Tomcat started on port(s): 8080 (http) with context path '/sell'
Started SellApplication in 3.232 seconds (JVM running for 4.456)
Initializing Spring DispatcherServlet 'dispatcherServlet'
Initializing Servlet 'dispatcherServlet'
Completed initialization in 6 ms
HikariPool-1 - Starting...
HikariPool-1 - Start completed.
orderDetailEntity:[OrderDetailEntity(detailId=null, orderId=null, productId=123456, productName=null, productPrice=null, productQuantity=1, productIcon=null)]
orderDTO:OrderDTO(orderId=null, buyerName=啊啊啊, buyerPhone=啊, buyerAddress=啊, buyerOpenid=oprCQ5gpE05zbdKXq3J3A04rrFrI, orderAmount=null, orderStatus=null, payStatus=null, createTime=null, updateTime=null, orderDetailEntityList=[OrderDetailEntity(detailId=null, orderId=null, productId=123456, productName=null, productPrice=null, productQuantity=1, productIcon=null)])
Starting SellApplication on DESKTOP-GP4UST7 with PID 21136 (D:\workspace\sell\target\classes started by 89284 in D:\workspace\sell)
No active profile set, falling back to default profiles: default
Tomcat initialized with port(s): 8080 (http)
Initializing ProtocolHandler ["http-nio-8080"]
Starting service [Tomcat]
Starting Servlet engine: [Apache Tomcat/9.0.19]
Initializing Spring embedded WebApplicationContext
Root WebApplicationContext: initialization completed in 1355 ms
Starting SellApplication on DESKTOP-GP4UST7 with PID 8972 (D:\workspace\sell\target\classes started by 89284 in D:\workspace\sell)
No active profile set, falling back to default profiles: default
Tomcat initialized with port(s): 8080 (http)
Initializing ProtocolHandler ["http-nio-8080"]
Starting service [Tomcat]
Starting Servlet engine: [Apache Tomcat/9.0.19]
Initializing Spring embedded WebApplicationContext
Root WebApplicationContext: initialization completed in 1191 ms
Initializing ExecutorService 'applicationTaskExecutor'
Starting ProtocolHandler ["http-nio-8080"]
Tomcat started on port(s): 8080 (http) with context path '/sell'
Started SellApplication in 3.317 seconds (JVM running for 4.414)
Initializing Spring DispatcherServlet 'dispatcherServlet'
Initializing Servlet 'dispatcherServlet'
Completed initialization in 9 ms
HikariPool-1 - Starting...
【微信网页授权】获得code，redirectUrl=https://open.weixin.qq.com/connect/oauth2/authorize?appid=wx7e43b0ef828ebb9e&redirect_uri=http%3A%2F%2Fwcs.natapp1.cc%2Fsell%2Fwechat%2FuserInfo&response_type=code&scope=snsapi_userinfo&state=http%3A%2F%2Fsell.com%2F%23%2F&connect_redirect=1#wechat_redirect
HikariPool-1 - Start completed.
orderDetailEntity:[OrderDetailEntity(detailId=null, orderId=null, productId=123456, productName=null, productPrice=null, productQuantity=1, productIcon=null)]
orderDTO:OrderDTO(orderId=null, buyerName=曹, buyerPhone=q86, buyerAddress=我, buyerOpenid=oprCQ5gpE05zbdKXq3J3A04rrFrI, orderAmount=null, orderStatus=null, payStatus=null, createTime=null, updateTime=null, orderDetailEntityList=[OrderDetailEntity(detailId=null, orderId=null, productId=123456, productName=null, productPrice=null, productQuantity=1, productIcon=null)])
Starting SellApplication on DESKTOP-GP4UST7 with PID 21876 (D:\workspace\sell\target\classes started by 89284 in D:\workspace\sell)
No active profile set, falling back to default profiles: default
Tomcat initialized with port(s): 8080 (http)
Initializing ProtocolHandler ["http-nio-8080"]
Starting service [Tomcat]
Starting Servlet engine: [Apache Tomcat/9.0.19]
Initializing Spring embedded WebApplicationContext
Root WebApplicationContext: initialization completed in 1229 ms
Initializing ExecutorService 'applicationTaskExecutor'
Starting ProtocolHandler ["http-nio-8080"]
Tomcat started on port(s): 8080 (http) with context path '/sell'
Started SellApplication in 3.613 seconds (JVM running for 4.965)
Initializing Spring DispatcherServlet 'dispatcherServlet'
Initializing Servlet 'dispatcherServlet'
Completed initialization in 6 ms
HikariPool-1 - Starting...
HikariPool-1 - Start completed.
Starting SellApplication on DESKTOP-GP4UST7 with PID 13320 (D:\workspace\sell\target\classes started by 89284 in D:\workspace\sell)
No active profile set, falling back to default profiles: default
Tomcat initialized with port(s): 8080 (http)
Initializing ProtocolHandler ["http-nio-8080"]
Starting service [Tomcat]
Starting Servlet engine: [Apache Tomcat/9.0.19]
Initializing Spring embedded WebApplicationContext
Root WebApplicationContext: initialization completed in 1333 ms
Initializing ExecutorService 'applicationTaskExecutor'
Starting ProtocolHandler ["http-nio-8080"]
Tomcat started on port(s): 8080 (http) with context path '/sell'
Started SellApplication in 3.681 seconds (JVM running for 5.065)
Initializing Spring DispatcherServlet 'dispatcherServlet'
Initializing Servlet 'dispatcherServlet'
Completed initialization in 7 ms
HikariPool-1 - Starting...
HikariPool-1 - Start completed.
orderDetailEntity:[OrderDetailEntity(detailId=null, orderId=null, productId=123456, productName=null, productPrice=null, productQuantity=1, productIcon=null)]
orderDTO:OrderDTO(orderId=null, buyerName=曹, buyerPhone=1, buyerAddress=q, buyerOpenid=oprCQ5gpE05zbdKXq3J3A04rrFrI, orderAmount=null, orderStatus=null, payStatus=null, createTime=null, updateTime=null, orderDetailEntityList=[OrderDetailEntity(detailId=null, orderId=null, productId=123456, productName=null, productPrice=null, productQuantity=1, productIcon=null)])
Starting SellApplication on DESKTOP-GP4UST7 with PID 12760 (D:\workspace\sell\target\classes started by 89284 in D:\workspace\sell)
No active profile set, falling back to default profiles: default
Tomcat initialized with port(s): 8080 (http)
Initializing ProtocolHandler ["http-nio-8080"]
Starting service [Tomcat]
Starting Servlet engine: [Apache Tomcat/9.0.19]
Initializing Spring embedded WebApplicationContext
Root WebApplicationContext: initialization completed in 1477 ms
Initializing ExecutorService 'applicationTaskExecutor'
Starting ProtocolHandler ["http-nio-8080"]
Tomcat started on port(s): 8080 (http) with context path '/sell'
Started SellApplication in 4.428 seconds (JVM running for 5.982)
Starting SellApplication on DESKTOP-GP4UST7 with PID 9152 (D:\workspace\sell\target\classes started by 89284 in D:\workspace\sell)
No active profile set, falling back to default profiles: default
Tomcat initialized with port(s): 8080 (http)
Initializing ProtocolHandler ["http-nio-8080"]
Starting service [Tomcat]
Starting Servlet engine: [Apache Tomcat/9.0.19]
Initializing Spring embedded WebApplicationContext
Root WebApplicationContext: initialization completed in 1333 ms
Initializing ExecutorService 'applicationTaskExecutor'
Starting ProtocolHandler ["http-nio-8080"]
Tomcat started on port(s): 8080 (http) with context path '/sell'
Started SellApplication in 4.029 seconds (JVM running for 5.445)
Initializing Spring DispatcherServlet 'dispatcherServlet'
Initializing Servlet 'dispatcherServlet'
Completed initialization in 9 ms
HikariPool-1 - Starting...
HikariPool-1 - Start completed.
Starting SellApplication on DESKTOP-GP4UST7 with PID 21680 (D:\workspace\sell\target\classes started by 89284 in D:\workspace\sell)
No active profile set, falling back to default profiles: default
Tomcat initialized with port(s): 8080 (http)
Initializing ProtocolHandler ["http-nio-8080"]
Starting service [Tomcat]
Starting Servlet engine: [Apache Tomcat/9.0.19]
Initializing Spring embedded WebApplicationContext
Root WebApplicationContext: initialization completed in 1364 ms
Initializing ExecutorService 'applicationTaskExecutor'
Starting ProtocolHandler ["http-nio-8080"]
Tomcat started on port(s): 8080 (http) with context path '/sell'
Started SellApplication in 4.168 seconds (JVM running for 5.663)
Initializing Spring DispatcherServlet 'dispatcherServlet'
Initializing Servlet 'dispatcherServlet'
Completed initialization in 9 ms
HikariPool-1 - Starting...
HikariPool-1 - Start completed.
Starting SellApplication on DESKTOP-GP4UST7 with PID 21700 (D:\workspace\sell\target\classes started by 89284 in D:\workspace\sell)
No active profile set, falling back to default profiles: default
Tomcat initialized with port(s): 8080 (http)
Initializing ProtocolHandler ["http-nio-8080"]
Starting service [Tomcat]
Starting Servlet engine: [Apache Tomcat/9.0.19]
Initializing Spring embedded WebApplicationContext
Root WebApplicationContext: initialization completed in 1409 ms
Initializing ExecutorService 'applicationTaskExecutor'
Starting ProtocolHandler ["http-nio-8080"]
Tomcat started on port(s): 8080 (http) with context path '/sell'
Started SellApplication in 3.836 seconds (JVM running for 5.174)
Initializing Spring DispatcherServlet 'dispatcherServlet'
Initializing Servlet 'dispatcherServlet'
Completed initialization in 8 ms
HikariPool-1 - Starting...
HikariPool-1 - Start completed.
Starting SellApplication on DESKTOP-GP4UST7 with PID 16272 (D:\workspace\sell\target\classes started by 89284 in D:\workspace\sell)
No active profile set, falling back to default profiles: default
Tomcat initialized with port(s): 8080 (http)
Initializing ProtocolHandler ["http-nio-8080"]
Starting service [Tomcat]
Starting Servlet engine: [Apache Tomcat/9.0.19]
Initializing Spring embedded WebApplicationContext
Root WebApplicationContext: initialization completed in 1321 ms
Initializing ExecutorService 'applicationTaskExecutor'
Starting ProtocolHandler ["http-nio-8080"]
Tomcat started on port(s): 8080 (http) with context path '/sell'
Started SellApplication in 4.077 seconds (JVM running for 5.557)
Initializing Spring DispatcherServlet 'dispatcherServlet'
Initializing Servlet 'dispatcherServlet'
Completed initialization in 7 ms
HikariPool-1 - Starting...
HikariPool-1 - Start completed.
Starting SellApplication on DESKTOP-GP4UST7 with PID 7388 (D:\workspace\sell\target\classes started by 89284 in D:\workspace\sell)
No active profile set, falling back to default profiles: default
Tomcat initialized with port(s): 8080 (http)
Initializing ProtocolHandler ["http-nio-8080"]
Starting service [Tomcat]
Starting Servlet engine: [Apache Tomcat/9.0.19]
Initializing Spring embedded WebApplicationContext
Root WebApplicationContext: initialization completed in 1287 ms
Initializing ExecutorService 'applicationTaskExecutor'
Starting ProtocolHandler ["http-nio-8080"]
Tomcat started on port(s): 8080 (http) with context path '/sell'
Started SellApplication in 3.94 seconds (JVM running for 5.365)
Initializing Spring DispatcherServlet 'dispatcherServlet'
Initializing Servlet 'dispatcherServlet'
Completed initialization in 7 ms
HikariPool-1 - Starting...
HikariPool-1 - Start completed.
Starting SellApplication on DESKTOP-GP4UST7 with PID 16980 (D:\workspace\sell\target\classes started by 89284 in D:\workspace\sell)
No active profile set, falling back to default profiles: default
Tomcat initialized with port(s): 8080 (http)
Initializing ProtocolHandler ["http-nio-8080"]
Starting service [Tomcat]
Starting Servlet engine: [Apache Tomcat/9.0.19]
Initializing Spring embedded WebApplicationContext
Root WebApplicationContext: initialization completed in 1222 ms
Initializing ExecutorService 'applicationTaskExecutor'
Starting ProtocolHandler ["http-nio-8080"]
Tomcat started on port(s): 8080 (http) with context path '/sell'
Started SellApplication in 3.696 seconds (JVM running for 5.091)
Initializing Spring DispatcherServlet 'dispatcherServlet'
Initializing Servlet 'dispatcherServlet'
Completed initialization in 8 ms
HikariPool-1 - Starting...
HikariPool-1 - Start completed.
Starting SellApplication on DESKTOP-GP4UST7 with PID 9168 (D:\workspace\sell\target\classes started by 89284 in D:\workspace\sell)
No active profile set, falling back to default profiles: default
Tomcat initialized with port(s): 8080 (http)
Initializing ProtocolHandler ["http-nio-8080"]
Starting service [Tomcat]
Starting Servlet engine: [Apache Tomcat/9.0.19]
Initializing Spring embedded WebApplicationContext
Root WebApplicationContext: initialization completed in 1183 ms
Initializing ExecutorService 'applicationTaskExecutor'
Starting ProtocolHandler ["http-nio-8080"]
Tomcat started on port(s): 8080 (http) with context path '/sell'
Started SellApplication in 3.691 seconds (JVM running for 5.17)
Initializing Spring DispatcherServlet 'dispatcherServlet'
Initializing Servlet 'dispatcherServlet'
Completed initialization in 9 ms
HikariPool-1 - Starting...
HikariPool-1 - Start completed.
Starting SellApplication on DESKTOP-GP4UST7 with PID 20284 (D:\workspace\sell\target\classes started by 89284 in D:\workspace\sell)
No active profile set, falling back to default profiles: default
Tomcat initialized with port(s): 8080 (http)
Initializing ProtocolHandler ["http-nio-8080"]
Starting service [Tomcat]
Starting Servlet engine: [Apache Tomcat/9.0.19]
Initializing Spring embedded WebApplicationContext
Root WebApplicationContext: initialization completed in 1280 ms
Initializing ExecutorService 'applicationTaskExecutor'
Starting ProtocolHandler ["http-nio-8080"]
Tomcat started on port(s): 8080 (http) with context path '/sell'
Started SellApplication in 3.915 seconds (JVM running for 5.652)
Initializing Spring DispatcherServlet 'dispatcherServlet'
Initializing Servlet 'dispatcherServlet'
Completed initialization in 7 ms
HikariPool-1 - Starting...
HikariPool-1 - Start completed.
Starting SellApplication on DESKTOP-GP4UST7 with PID 21700 (D:\workspace\sell\target\classes started by 89284 in D:\workspace\sell)
No active profile set, falling back to default profiles: default
Tomcat initialized with port(s): 8080 (http)
Initializing ProtocolHandler ["http-nio-8080"]
Starting service [Tomcat]
Starting Servlet engine: [Apache Tomcat/9.0.19]
Initializing Spring embedded WebApplicationContext
Root WebApplicationContext: initialization completed in 1335 ms
Initializing ExecutorService 'applicationTaskExecutor'
Starting ProtocolHandler ["http-nio-8080"]
Tomcat started on port(s): 8080 (http) with context path '/sell'
Started SellApplication in 4.12 seconds (JVM running for 5.829)
Initializing Spring DispatcherServlet 'dispatcherServlet'
Initializing Servlet 'dispatcherServlet'
Completed initialization in 9 ms
HikariPool-1 - Starting...
HikariPool-1 - Start completed.
Starting SellApplication on DESKTOP-GP4UST7 with PID 20016 (D:\workspace\sell\target\classes started by 89284 in D:\workspace\sell)
No active profile set, falling back to default profiles: default
Tomcat initialized with port(s): 8080 (http)
Initializing ProtocolHandler ["http-nio-8080"]
Starting service [Tomcat]
Starting Servlet engine: [Apache Tomcat/9.0.19]
Initializing Spring embedded WebApplicationContext
Root WebApplicationContext: initialization completed in 1210 ms
Initializing ExecutorService 'applicationTaskExecutor'
Starting ProtocolHandler ["http-nio-8080"]
Tomcat started on port(s): 8080 (http) with context path '/sell'
Started SellApplication in 3.629 seconds (JVM running for 4.932)
Initializing Spring DispatcherServlet 'dispatcherServlet'
Initializing Servlet 'dispatcherServlet'
Completed initialization in 7 ms
HikariPool-1 - Starting...
HikariPool-1 - Start completed.
Starting SellApplication on DESKTOP-GP4UST7 with PID 7184 (D:\workspace\sell\target\classes started by 89284 in D:\workspace\sell)
No active profile set, falling back to default profiles: default
Tomcat initialized with port(s): 8080 (http)
Initializing ProtocolHandler ["http-nio-8080"]
Starting service [Tomcat]
Starting Servlet engine: [Apache Tomcat/9.0.19]
Initializing Spring embedded WebApplicationContext
Root WebApplicationContext: initialization completed in 1304 ms
Initializing ExecutorService 'applicationTaskExecutor'
Starting ProtocolHandler ["http-nio-8080"]
Tomcat started on port(s): 8080 (http) with context path '/sell'
Started SellApplication in 3.786 seconds (JVM running for 5.235)
Initializing Spring DispatcherServlet 'dispatcherServlet'
Initializing Servlet 'dispatcherServlet'
Completed initialization in 7 ms
HikariPool-1 - Starting...
HikariPool-1 - Start completed.
Starting SellApplication on DESKTOP-GP4UST7 with PID 6088 (D:\workspace\sell\target\classes started by 89284 in D:\workspace\sell)
No active profile set, falling back to default profiles: default
Tomcat initialized with port(s): 8080 (http)
Initializing ProtocolHandler ["http-nio-8080"]
Starting service [Tomcat]
Starting Servlet engine: [Apache Tomcat/9.0.19]
Initializing Spring embedded WebApplicationContext
Root WebApplicationContext: initialization completed in 1299 ms
Initializing ExecutorService 'applicationTaskExecutor'
Starting ProtocolHandler ["http-nio-8080"]
Tomcat started on port(s): 8080 (http) with context path '/sell'
Started SellApplication in 4.028 seconds (JVM running for 5.523)
Initializing Spring DispatcherServlet 'dispatcherServlet'
Initializing Servlet 'dispatcherServlet'
Completed initialization in 7 ms
HikariPool-1 - Starting...
HikariPool-1 - Start completed.
Starting SellApplication on DESKTOP-GP4UST7 with PID 21252 (D:\workspace\sell\target\classes started by 89284 in D:\workspace\sell)
No active profile set, falling back to default profiles: default
Tomcat initialized with port(s): 8080 (http)
Initializing ProtocolHandler ["http-nio-8080"]
Starting service [Tomcat]
Starting Servlet engine: [Apache Tomcat/9.0.19]
Initializing Spring embedded WebApplicationContext
Root WebApplicationContext: initialization completed in 1552 ms
Initializing ExecutorService 'applicationTaskExecutor'
Starting ProtocolHandler ["http-nio-8080"]
Tomcat started on port(s): 8080 (http) with context path '/sell'
Started SellApplication in 4.511 seconds (JVM running for 6.014)
Initializing Spring DispatcherServlet 'dispatcherServlet'
Initializing Servlet 'dispatcherServlet'
Completed initialization in 11 ms
HikariPool-1 - Starting...
HikariPool-1 - Start completed.
Starting SellApplication on DESKTOP-GP4UST7 with PID 8496 (D:\workspace\sell\target\classes started by 89284 in D:\workspace\sell)
No active profile set, falling back to default profiles: default
Tomcat initialized with port(s): 8080 (http)
Initializing ProtocolHandler ["http-nio-8080"]
Starting service [Tomcat]
Starting Servlet engine: [Apache Tomcat/9.0.19]
Initializing Spring embedded WebApplicationContext
Root WebApplicationContext: initialization completed in 1437 ms
Initializing ExecutorService 'applicationTaskExecutor'
Starting ProtocolHandler ["http-nio-8080"]
Tomcat started on port(s): 8080 (http) with context path '/sell'
Started SellApplication in 4.234 seconds (JVM running for 5.652)
Initializing Spring DispatcherServlet 'dispatcherServlet'
Initializing Servlet 'dispatcherServlet'
Completed initialization in 9 ms
HikariPool-1 - Starting...
HikariPool-1 - Start completed.
HikariPool-1 - Thread starvation or clock leap detected (housekeeper delta=37m12s406ms929µs57ns).
Starting SellApplication on DESKTOP-GP4UST7 with PID 13940 (D:\workspace\sell\target\classes started by 89284 in D:\workspace\sell)
No active profile set, falling back to default profiles: default
Tomcat initialized with port(s): 8080 (http)
Initializing ProtocolHandler ["http-nio-8080"]
Starting service [Tomcat]
Starting Servlet engine: [Apache Tomcat/9.0.19]
Initializing Spring embedded WebApplicationContext
Root WebApplicationContext: initialization completed in 1205 ms
Initializing ExecutorService 'applicationTaskExecutor'
Starting ProtocolHandler ["http-nio-8080"]
Tomcat started on port(s): 8080 (http) with context path '/sell'
Started SellApplication in 3.546 seconds (JVM running for 5.16)
Starting SellApplication on DESKTOP-GP4UST7 with PID 5928 (D:\workspace\sell\target\classes started by 89284 in D:\workspace\sell)
No active profile set, falling back to default profiles: default
Tomcat initialized with port(s): 8080 (http)
Initializing ProtocolHandler ["http-nio-8080"]
Starting service [Tomcat]
Starting Servlet engine: [Apache Tomcat/9.0.19]
Initializing Spring embedded WebApplicationContext
Root WebApplicationContext: initialization completed in 1148 ms
Initializing ExecutorService 'applicationTaskExecutor'
Starting ProtocolHandler ["http-nio-8080"]
Tomcat started on port(s): 8080 (http) with context path '/sell'
Started SellApplication in 3.422 seconds (JVM running for 4.773)
Initializing Spring DispatcherServlet 'dispatcherServlet'
Initializing Servlet 'dispatcherServlet'
Completed initialization in 6 ms
HikariPool-1 - Starting...
HikariPool-1 - Start completed.
Starting SellApplication on DESKTOP-GP4UST7 with PID 15732 (D:\workspace\sell\target\classes started by 89284 in D:\workspace\sell)
No active profile set, falling back to default profiles: default
Tomcat initialized with port(s): 8080 (http)
Initializing ProtocolHandler ["http-nio-8080"]
Starting service [Tomcat]
Starting Servlet engine: [Apache Tomcat/9.0.19]
Initializing Spring embedded WebApplicationContext
Root WebApplicationContext: initialization completed in 2033 ms
Initializing ExecutorService 'applicationTaskExecutor'
Starting ProtocolHandler ["http-nio-8080"]
Tomcat started on port(s): 8080 (http) with context path '/sell'
Started SellApplication in 3.719 seconds (JVM running for 18.632)
Initializing Spring DispatcherServlet 'dispatcherServlet'
Initializing Servlet 'dispatcherServlet'
Completed initialization in 5 ms
HikariPool-1 - Starting...
HikariPool-1 - Start completed.
Starting SellApplication on DESKTOP-GP4UST7 with PID 15260 (D:\workspace\sell\target\classes started by 89284 in D:\workspace\sell)
No active profile set, falling back to default profiles: default
Tomcat initialized with port(s): 8080 (http)
Initializing ProtocolHandler ["http-nio-8080"]
Starting service [Tomcat]
Starting Servlet engine: [Apache Tomcat/9.0.19]
Initializing Spring embedded WebApplicationContext
Root WebApplicationContext: initialization completed in 1010 ms
Initializing ExecutorService 'applicationTaskExecutor'
Starting ProtocolHandler ["http-nio-8080"]
Tomcat started on port(s): 8080 (http) with context path '/sell'
Started SellApplication in 2.816 seconds (JVM running for 3.721)
Initializing Spring DispatcherServlet 'dispatcherServlet'
Initializing Servlet 'dispatcherServlet'
Completed initialization in 5 ms
HikariPool-1 - Starting...
HikariPool-1 - Start completed.
Starting SellApplication on DESKTOP-GP4UST7 with PID 17116 (D:\workspace\sell\target\classes started by 89284 in D:\workspace\sell)
No active profile set, falling back to default profiles: default
Tomcat initialized with port(s): 8080 (http)
Initializing ProtocolHandler ["http-nio-8080"]
Starting service [Tomcat]
Starting Servlet engine: [Apache Tomcat/9.0.19]
Initializing Spring embedded WebApplicationContext
Root WebApplicationContext: initialization completed in 1029 ms
Initializing ExecutorService 'applicationTaskExecutor'
Starting ProtocolHandler ["http-nio-8080"]
Tomcat started on port(s): 8080 (http) with context path '/sell'
Started SellApplication in 3.099 seconds (JVM running for 4.345)
Initializing Spring DispatcherServlet 'dispatcherServlet'
Initializing Servlet 'dispatcherServlet'
Completed initialization in 6 ms
HikariPool-1 - Starting...
HikariPool-1 - Start completed.
Starting SellApplication on DESKTOP-GP4UST7 with PID 16320 (D:\workspace\sell\target\classes started by 89284 in D:\workspace\sell)
No active profile set, falling back to default profiles: default
Tomcat initialized with port(s): 8080 (http)
Initializing ProtocolHandler ["http-nio-8080"]
Starting service [Tomcat]
Starting Servlet engine: [Apache Tomcat/9.0.19]
Initializing Spring embedded WebApplicationContext
Root WebApplicationContext: initialization completed in 960 ms
Initializing ExecutorService 'applicationTaskExecutor'
Starting ProtocolHandler ["http-nio-8080"]
Tomcat started on port(s): 8080 (http) with context path '/sell'
Started SellApplication in 2.821 seconds (JVM running for 3.785)
Initializing Spring DispatcherServlet 'dispatcherServlet'
Initializing Servlet 'dispatcherServlet'
Completed initialization in 6 ms
HikariPool-1 - Starting...
HikariPool-1 - Start completed.
Starting SellApplication on DESKTOP-GP4UST7 with PID 11004 (D:\workspace\sell\target\classes started by 89284 in D:\workspace\sell)
No active profile set, falling back to default profiles: default
Tomcat initialized with port(s): 8080 (http)
Initializing ProtocolHandler ["http-nio-8080"]
Starting service [Tomcat]
Starting Servlet engine: [Apache Tomcat/9.0.19]
Initializing Spring embedded WebApplicationContext
Root WebApplicationContext: initialization completed in 1036 ms
Initializing ExecutorService 'applicationTaskExecutor'
Starting ProtocolHandler ["http-nio-8080"]
Tomcat started on port(s): 8080 (http) with context path '/sell'
Started SellApplication in 3.18 seconds (JVM running for 4.352)
Initializing Spring DispatcherServlet 'dispatcherServlet'
Initializing Servlet 'dispatcherServlet'
Completed initialization in 5 ms
HikariPool-1 - Starting...
HikariPool-1 - Start completed.
HikariPool-1 - Thread starvation or clock leap detected (housekeeper delta=20m48s591ms668µs634ns).
Starting SellApplication on DESKTOP-GP4UST7 with PID 19748 (D:\workspace\sell\target\classes started by 89284 in D:\workspace\sell)
No active profile set, falling back to default profiles: default
Tomcat initialized with port(s): 8080 (http)
Initializing ProtocolHandler ["http-nio-8080"]
Starting service [Tomcat]
Starting Servlet engine: [Apache Tomcat/9.0.19]
Initializing Spring embedded WebApplicationContext
Root WebApplicationContext: initialization completed in 1100 ms
Initializing ExecutorService 'applicationTaskExecutor'
Starting ProtocolHandler ["http-nio-8080"]
Tomcat started on port(s): 8080 (http) with context path '/sell'
Started SellApplication in 3.187 seconds (JVM running for 4.915)
Initializing Spring DispatcherServlet 'dispatcherServlet'
Initializing Servlet 'dispatcherServlet'
Completed initialization in 6 ms
HikariPool-1 - Starting...
HikariPool-1 - Start completed.
Starting SellApplication on DESKTOP-GP4UST7 with PID 16096 (D:\workspace\sell\target\classes started by 89284 in D:\workspace\sell)
No active profile set, falling back to default profiles: default
Tomcat initialized with port(s): 8080 (http)
Initializing ProtocolHandler ["http-nio-8080"]
Starting service [Tomcat]
Starting Servlet engine: [Apache Tomcat/9.0.19]
Initializing Spring embedded WebApplicationContext
Root WebApplicationContext: initialization completed in 1056 ms
Initializing ExecutorService 'applicationTaskExecutor'
Starting ProtocolHandler ["http-nio-8080"]
Tomcat started on port(s): 8080 (http) with context path '/sell'
Started SellApplication in 3.251 seconds (JVM running for 4.604)
Initializing Spring DispatcherServlet 'dispatcherServlet'
Initializing Servlet 'dispatcherServlet'
Completed initialization in 6 ms
HikariPool-1 - Starting...
HikariPool-1 - Start completed.
HikariPool-1 - Thread starvation or clock leap detected (housekeeper delta=4m41s468ms596µs524ns).
Starting SellApplication on DESKTOP-GP4UST7 with PID 15696 (D:\workspace\sell\target\classes started by 89284 in D:\workspace\sell)
No active profile set, falling back to default profiles: default
Tomcat initialized with port(s): 8080 (http)
Initializing ProtocolHandler ["http-nio-8080"]
Starting service [Tomcat]
Starting Servlet engine: [Apache Tomcat/9.0.19]
Initializing Spring embedded WebApplicationContext
Root WebApplicationContext: initialization completed in 1155 ms
Initializing ExecutorService 'applicationTaskExecutor'
Starting ProtocolHandler ["http-nio-8080"]
Tomcat started on port(s): 8080 (http) with context path '/sell'
Started SellApplication in 3.499 seconds (JVM running for 5.003)
Initializing Spring DispatcherServlet 'dispatcherServlet'
Initializing Servlet 'dispatcherServlet'
Completed initialization in 5 ms
HikariPool-1 - Starting...
HikariPool-1 - Start completed.
Starting SellApplication on DESKTOP-GP4UST7 with PID 14388 (D:\workspace\sell\target\classes started by 89284 in D:\workspace\sell)
No active profile set, falling back to default profiles: default
Tomcat initialized with port(s): 8080 (http)
Initializing ProtocolHandler ["http-nio-8080"]
Starting service [Tomcat]
Starting Servlet engine: [Apache Tomcat/9.0.19]
Initializing Spring embedded WebApplicationContext
Root WebApplicationContext: initialization completed in 1114 ms
Initializing ExecutorService 'applicationTaskExecutor'
Starting ProtocolHandler ["http-nio-8080"]
Tomcat started on port(s): 8080 (http) with context path '/sell'
Started SellApplication in 3.366 seconds (JVM running for 4.864)
Initializing Spring DispatcherServlet 'dispatcherServlet'
Initializing Servlet 'dispatcherServlet'
Completed initialization in 7 ms
HikariPool-1 - Starting...
HikariPool-1 - Start completed.
Starting SellApplication on DESKTOP-GP4UST7 with PID 17980 (D:\workspace\sell\target\classes started by 89284 in D:\workspace\sell)
No active profile set, falling back to default profiles: default
Tomcat initialized with port(s): 8080 (http)
Initializing ProtocolHandler ["http-nio-8080"]
Starting service [Tomcat]
Starting Servlet engine: [Apache Tomcat/9.0.19]
Initializing Spring embedded WebApplicationContext
Root WebApplicationContext: initialization completed in 1061 ms
Initializing ExecutorService 'applicationTaskExecutor'
Starting ProtocolHandler ["http-nio-8080"]
Tomcat started on port(s): 8080 (http) with context path '/sell'
Started SellApplication in 3.234 seconds (JVM running for 4.602)
Initializing Spring DispatcherServlet 'dispatcherServlet'
Initializing Servlet 'dispatcherServlet'
Completed initialization in 5 ms
HikariPool-1 - Starting...
HikariPool-1 - Start completed.
Starting SellApplication on DESKTOP-GP4UST7 with PID 13036 (D:\workspace\sell\target\classes started by 89284 in D:\workspace\sell)
No active profile set, falling back to default profiles: default
Tomcat initialized with port(s): 8080 (http)
Initializing ProtocolHandler ["http-nio-8080"]
Starting service [Tomcat]
Starting Servlet engine: [Apache Tomcat/9.0.19]
Initializing Spring embedded WebApplicationContext
Root WebApplicationContext: initialization completed in 1160 ms
Initializing ExecutorService 'applicationTaskExecutor'
Starting ProtocolHandler ["http-nio-8080"]
Tomcat started on port(s): 8080 (http) with context path '/sell'
Started SellApplication in 3.32 seconds (JVM running for 4.765)
Initializing Spring DispatcherServlet 'dispatcherServlet'
Initializing Servlet 'dispatcherServlet'
Completed initialization in 5 ms
HikariPool-1 - Starting...
HikariPool-1 - Start completed.
Starting SellApplication on DESKTOP-GP4UST7 with PID 13148 (D:\workspace\sell\target\classes started by 89284 in D:\workspace\sell)
No active profile set, falling back to default profiles: default
Tomcat initialized with port(s): 8080 (http)
Initializing ProtocolHandler ["http-nio-8080"]
Starting service [Tomcat]
Starting Servlet engine: [Apache Tomcat/9.0.19]
Initializing Spring embedded WebApplicationContext
Root WebApplicationContext: initialization completed in 1135 ms
Initializing ExecutorService 'applicationTaskExecutor'
Starting ProtocolHandler ["http-nio-8080"]
Tomcat started on port(s): 8080 (http) with context path '/sell'
Started SellApplication in 3.517 seconds (JVM running for 4.859)
Initializing Spring DispatcherServlet 'dispatcherServlet'
Initializing Servlet 'dispatcherServlet'
Completed initialization in 5 ms
HikariPool-1 - Starting...
HikariPool-1 - Start completed.
Starting SellApplication on DESKTOP-GP4UST7 with PID 8412 (D:\workspace\sell\target\classes started by 89284 in D:\workspace\sell)
No active profile set, falling back to default profiles: default
Tomcat initialized with port(s): 8080 (http)
Initializing ProtocolHandler ["http-nio-8080"]
Starting service [Tomcat]
Starting Servlet engine: [Apache Tomcat/9.0.19]
Initializing Spring embedded WebApplicationContext
Root WebApplicationContext: initialization completed in 1243 ms
Initializing ExecutorService 'applicationTaskExecutor'
Starting ProtocolHandler ["http-nio-8080"]
Tomcat started on port(s): 8080 (http) with context path '/sell'
Started SellApplication in 3.539 seconds (JVM running for 5.29)
Initializing Spring DispatcherServlet 'dispatcherServlet'
Initializing Servlet 'dispatcherServlet'
Completed initialization in 7 ms
HikariPool-1 - Starting...
HikariPool-1 - Start completed.
【微信网页授权】获得code，redirectUrl=https://open.weixin.qq.com/connect/oauth2/authorize?appid=wx7e43b0ef828ebb9e&redirect_uri=http%3A%2F%2Fwcs.natapp1.cc%2Fsell%2Fwechat%2FuserInfo&response_type=code&scope=snsapi_userinfo&state=http%3A%2F%2Fsell.com%2F%23%2F&connect_redirect=1#wechat_redirect
orderDetailEntity:[OrderDetailEntity(detailId=null, orderId=null, productId=123456, productName=null, productPrice=null, productQuantity=1, productIcon=null)]
orderDTO:OrderDTO(orderId=null, buyerName=曹超, buyerPhone=18649013345, buyerAddress=学校, buyerOpenid=oprCQ5gpE05zbdKXq3J3A04rrFrI, orderAmount=null, orderStatus=null, payStatus=null, createTime=null, updateTime=null, orderDetailEntityList=[OrderDetailEntity(detailId=null, orderId=null, productId=123456, productName=null, productPrice=null, productQuantity=1, productIcon=null)])
orderDetailEntity:[OrderDetailEntity(detailId=null, orderId=null, productId=123456, productName=null, productPrice=null, productQuantity=1, productIcon=null)]
orderDTO:OrderDTO(orderId=null, buyerName=曹超超, buyerPhone=18649013345, buyerAddress=学校, buyerOpenid=oprCQ5gpE05zbdKXq3J3A04rrFrI, orderAmount=null, orderStatus=null, payStatus=null, createTime=null, updateTime=null, orderDetailEntityList=[OrderDetailEntity(detailId=null, orderId=null, productId=123456, productName=null, productPrice=null, productQuantity=1, productIcon=null)])
Starting SellApplication on DESKTOP-GP4UST7 with PID 19756 (D:\workspace\sell\target\classes started by 89284 in D:\workspace\sell)
No active profile set, falling back to default profiles: default
Tomcat initialized with port(s): 8080 (http)
Initializing ProtocolHandler ["http-nio-8080"]
Starting service [Tomcat]
Starting Servlet engine: [Apache Tomcat/9.0.19]
Initializing Spring embedded WebApplicationContext
Root WebApplicationContext: initialization completed in 1104 ms
Initializing ExecutorService 'applicationTaskExecutor'
Starting ProtocolHandler ["http-nio-8080"]
Tomcat started on port(s): 8080 (http) with context path '/sell'
Started SellApplication in 3.24 seconds (JVM running for 4.561)
Initializing Spring DispatcherServlet 'dispatcherServlet'
Initializing Servlet 'dispatcherServlet'
Completed initialization in 5 ms
HikariPool-1 - Starting...
HikariPool-1 - Start completed.
Starting SellApplication on DESKTOP-GP4UST7 with PID 9132 (D:\workspace\sell\target\classes started by 89284 in D:\workspace\sell)
No active profile set, falling back to default profiles: default
Tomcat initialized with port(s): 8080 (http)
Initializing ProtocolHandler ["http-nio-8080"]
Starting service [Tomcat]
Starting Servlet engine: [Apache Tomcat/9.0.19]
Initializing Spring embedded WebApplicationContext
Root WebApplicationContext: initialization completed in 1129 ms
Initializing ExecutorService 'applicationTaskExecutor'
Starting ProtocolHandler ["http-nio-8080"]
Tomcat started on port(s): 8080 (http) with context path '/sell'
Started SellApplication in 3.648 seconds (JVM running for 4.996)
Initializing Spring DispatcherServlet 'dispatcherServlet'
Initializing Servlet 'dispatcherServlet'
Completed initialization in 6 ms
HikariPool-1 - Starting...
HikariPool-1 - Start completed.
Starting SellApplication on DESKTOP-GP4UST7 with PID 15968 (D:\workspace\sell\target\classes started by 89284 in D:\workspace\sell)
No active profile set, falling back to default profiles: default
Tomcat initialized with port(s): 8080 (http)
Initializing ProtocolHandler ["http-nio-8080"]
Starting service [Tomcat]
Starting Servlet engine: [Apache Tomcat/9.0.19]
Initializing Spring embedded WebApplicationContext
Root WebApplicationContext: initialization completed in 1031 ms
Initializing ExecutorService 'applicationTaskExecutor'
Starting ProtocolHandler ["http-nio-8080"]
Tomcat started on port(s): 8080 (http) with context path '/sell'
Started SellApplication in 3.164 seconds (JVM running for 4.568)
Initializing Spring DispatcherServlet 'dispatcherServlet'
Initializing Servlet 'dispatcherServlet'
Completed initialization in 6 ms
HikariPool-1 - Starting...
HikariPool-1 - Start completed.
Starting SellApplication on DESKTOP-GP4UST7 with PID 10304 (D:\workspace\sell\target\classes started by 89284 in D:\workspace\sell)
No active profile set, falling back to default profiles: default
Tomcat initialized with port(s): 8080 (http)
Initializing ProtocolHandler ["http-nio-8080"]
Starting service [Tomcat]
Starting Servlet engine: [Apache Tomcat/9.0.19]
Initializing Spring embedded WebApplicationContext
Root WebApplicationContext: initialization completed in 1099 ms
Initializing ExecutorService 'applicationTaskExecutor'
Starting ProtocolHandler ["http-nio-8080"]
Tomcat started on port(s): 8080 (http) with context path '/sell'
Started SellApplication in 3.295 seconds (JVM running for 4.475)
Initializing Spring DispatcherServlet 'dispatcherServlet'
Initializing Servlet 'dispatcherServlet'
Completed initialization in 6 ms
HikariPool-1 - Starting...
HikariPool-1 - Start completed.
Starting SellApplication on DESKTOP-GP4UST7 with PID 9140 (D:\workspace\sell\target\classes started by 89284 in D:\workspace\sell)
No active profile set, falling back to default profiles: default
Tomcat initialized with port(s): 8080 (http)
Initializing ProtocolHandler ["http-nio-8080"]
Starting service [Tomcat]
Starting Servlet engine: [Apache Tomcat/9.0.19]
Initializing Spring embedded WebApplicationContext
Root WebApplicationContext: initialization completed in 1151 ms
Initializing ExecutorService 'applicationTaskExecutor'
Starting ProtocolHandler ["http-nio-8080"]
Tomcat started on port(s): 8080 (http) with context path '/sell'
Started SellApplication in 3.561 seconds (JVM running for 4.794)
Initializing Spring DispatcherServlet 'dispatcherServlet'
Initializing Servlet 'dispatcherServlet'
Completed initialization in 5 ms
HikariPool-1 - Starting...
HikariPool-1 - Start completed.
【总页数】 page=3
Starting SellApplication on DESKTOP-GP4UST7 with PID 13812 (D:\workspace\sell\target\classes started by 89284 in D:\workspace\sell)
No active profile set, falling back to default profiles: default
Tomcat initialized with port(s): 8080 (http)
Initializing ProtocolHandler ["http-nio-8080"]
Starting service [Tomcat]
Starting Servlet engine: [Apache Tomcat/9.0.19]
Initializing Spring embedded WebApplicationContext
Root WebApplicationContext: initialization completed in 1033 ms
Initializing ExecutorService 'applicationTaskExecutor'
Starting ProtocolHandler ["http-nio-8080"]
Tomcat started on port(s): 8080 (http) with context path '/sell'
Started SellApplication in 3.143 seconds (JVM running for 4.443)
Initializing Spring DispatcherServlet 'dispatcherServlet'
Initializing Servlet 'dispatcherServlet'
Completed initialization in 5 ms
HikariPool-1 - Starting...
HikariPool-1 - Start completed.
【总页数】 page=3
【总页数】 page=3
Starting SellApplication on DESKTOP-GP4UST7 with PID 17996 (D:\workspace\sell\target\classes started by 89284 in D:\workspace\sell)
No active profile set, falling back to default profiles: default
Tomcat initialized with port(s): 8080 (http)
Initializing ProtocolHandler ["http-nio-8080"]
Starting service [Tomcat]
Starting Servlet engine: [Apache Tomcat/9.0.19]
Initializing Spring embedded WebApplicationContext
Root WebApplicationContext: initialization completed in 1118 ms
Initializing ExecutorService 'applicationTaskExecutor'
Starting ProtocolHandler ["http-nio-8080"]
Tomcat started on port(s): 8080 (http) with context path '/sell'
Started SellApplication in 3.428 seconds (JVM running for 5.036)
Initializing Spring DispatcherServlet 'dispatcherServlet'
Initializing Servlet 'dispatcherServlet'
Completed initialization in 6 ms
HikariPool-1 - Starting...
HikariPool-1 - Start completed.
【总页数】 page=3
Starting SellApplication on DESKTOP-GP4UST7 with PID 16424 (D:\workspace\sell\target\classes started by 89284 in D:\workspace\sell)
No active profile set, falling back to default profiles: default
Tomcat initialized with port(s): 8080 (http)
Initializing ProtocolHandler ["http-nio-8080"]
Starting service [Tomcat]
Starting Servlet engine: [Apache Tomcat/9.0.19]
Initializing Spring embedded WebApplicationContext
Root WebApplicationContext: initialization completed in 1089 ms
Initializing ExecutorService 'applicationTaskExecutor'
Starting ProtocolHandler ["http-nio-8080"]
Tomcat started on port(s): 8080 (http) with context path '/sell'
Started SellApplication in 3.279 seconds (JVM running for 4.547)
Initializing Spring DispatcherServlet 'dispatcherServlet'
Initializing Servlet 'dispatcherServlet'
Completed initialization in 7 ms
HikariPool-1 - Starting...
HikariPool-1 - Start completed.
【总页数】 page=3
Starting SellApplication on DESKTOP-GP4UST7 with PID 16412 (D:\workspace\sell\target\classes started by 89284 in D:\workspace\sell)
No active profile set, falling back to default profiles: default
Tomcat initialized with port(s): 8080 (http)
Initializing ProtocolHandler ["http-nio-8080"]
Starting service [Tomcat]
Starting Servlet engine: [Apache Tomcat/9.0.19]
Initializing Spring embedded WebApplicationContext
Root WebApplicationContext: initialization completed in 1669 ms
Initializing ExecutorService 'applicationTaskExecutor'
Starting ProtocolHandler ["http-nio-8080"]
Tomcat started on port(s): 8080 (http) with context path '/sell'
Started SellApplication in 4.365 seconds (JVM running for 5.744)
Initializing Spring DispatcherServlet 'dispatcherServlet'
Initializing Servlet 'dispatcherServlet'
Completed initialization in 8 ms
HikariPool-1 - Starting...
HikariPool-1 - Start completed.
【总页数】 page=3
【总页数】 page=3
【总页数】 page=3
【总页数】 page=3
Starting SellApplication on DESKTOP-GP4UST7 with PID 3000 (D:\workspace\sell\target\classes started by 89284 in D:\workspace\sell)
No active profile set, falling back to default profiles: default
Tomcat initialized with port(s): 8080 (http)
Initializing ProtocolHandler ["http-nio-8080"]
Starting service [Tomcat]
Starting Servlet engine: [Apache Tomcat/9.0.19]
Initializing Spring embedded WebApplicationContext
Root WebApplicationContext: initialization completed in 1166 ms
Initializing ExecutorService 'applicationTaskExecutor'
Starting ProtocolHandler ["http-nio-8080"]
Tomcat started on port(s): 8080 (http) with context path '/sell'
Started SellApplication in 3.544 seconds (JVM running for 5.008)
Initializing Spring DispatcherServlet 'dispatcherServlet'
Initializing Servlet 'dispatcherServlet'
Completed initialization in 5 ms
HikariPool-1 - Starting...
HikariPool-1 - Start completed.
HikariPool-1 - Thread starvation or clock leap detected (housekeeper delta=50s281ms439µs173ns).
【总页数】 page=3
HikariPool-1 - Thread starvation or clock leap detected (housekeeper delta=1m17s342ms765µs877ns).
Starting SellApplication on DESKTOP-GP4UST7 with PID 14388 (D:\workspace\sell\target\classes started by 89284 in D:\workspace\sell)
No active profile set, falling back to default profiles: default
Tomcat initialized with port(s): 8080 (http)
Initializing ProtocolHandler ["http-nio-8080"]
Starting service [Tomcat]
Starting Servlet engine: [Apache Tomcat/9.0.19]
Initializing Spring embedded WebApplicationContext
Root WebApplicationContext: initialization completed in 1141 ms
Initializing ExecutorService 'applicationTaskExecutor'
Starting ProtocolHandler ["http-nio-8080"]
Tomcat started on port(s): 8080 (http) with context path '/sell'
Started SellApplication in 3.45 seconds (JVM running for 4.67)
Initializing Spring DispatcherServlet 'dispatcherServlet'
Initializing Servlet 'dispatcherServlet'
Completed initialization in 6 ms
HikariPool-1 - Starting...
HikariPool-1 - Start completed.
【总页数】 page=3
HikariPool-1 - Thread starvation or clock leap detected (housekeeper delta=53s351ms299µs767ns).
【总页数】 page=3
HikariPool-1 - Thread starvation or clock leap detected (housekeeper delta=3m11s368ms226µs463ns).
Starting SellApplication on DESKTOP-GP4UST7 with PID 15024 (D:\workspace\sell\target\classes started by 89284 in D:\workspace\sell)
No active profile set, falling back to default profiles: default
Tomcat initialized with port(s): 8080 (http)
Initializing ProtocolHandler ["http-nio-8080"]
Starting service [Tomcat]
Starting Servlet engine: [Apache Tomcat/9.0.19]
Initializing Spring embedded WebApplicationContext
Root WebApplicationContext: initialization completed in 1130 ms
Initializing ExecutorService 'applicationTaskExecutor'
Starting ProtocolHandler ["http-nio-8080"]
Tomcat started on port(s): 8080 (http) with context path '/sell'
Started SellApplication in 3.629 seconds (JVM running for 4.856)
Initializing Spring DispatcherServlet 'dispatcherServlet'
Initializing Servlet 'dispatcherServlet'
Completed initialization in 6 ms
HikariPool-1 - Starting...
HikariPool-1 - Start completed.
【总页数】 page=3
Starting SellApplication on DESKTOP-GP4UST7 with PID 14316 (D:\workspace\sell\target\classes started by 89284 in D:\workspace\sell)
No active profile set, falling back to default profiles: default
Tomcat initialized with port(s): 8080 (http)
Initializing ProtocolHandler ["http-nio-8080"]
Starting service [Tomcat]
Starting Servlet engine: [Apache Tomcat/9.0.19]
Initializing Spring embedded WebApplicationContext
Root WebApplicationContext: initialization completed in 1123 ms
Initializing ExecutorService 'applicationTaskExecutor'
Starting ProtocolHandler ["http-nio-8080"]
Tomcat started on port(s): 8080 (http) with context path '/sell'
Started SellApplication in 3.367 seconds (JVM running for 4.6)
Initializing Spring DispatcherServlet 'dispatcherServlet'
Initializing Servlet 'dispatcherServlet'
Completed initialization in 6 ms
HikariPool-1 - Starting...
HikariPool-1 - Start completed.
【总页数】 page=3
Starting SellApplication on DESKTOP-GP4UST7 with PID 9344 (D:\workspace\sell\target\classes started by 89284 in D:\workspace\sell)
No active profile set, falling back to default profiles: default
Tomcat initialized with port(s): 8080 (http)
Initializing ProtocolHandler ["http-nio-8080"]
Starting service [Tomcat]
Starting Servlet engine: [Apache Tomcat/9.0.19]
Initializing Spring embedded WebApplicationContext
Root WebApplicationContext: initialization completed in 974 ms
Initializing ExecutorService 'applicationTaskExecutor'
Starting ProtocolHandler ["http-nio-8080"]
Tomcat started on port(s): 8080 (http) with context path '/sell'
Started SellApplication in 2.805 seconds (JVM running for 3.877)
Initializing Spring DispatcherServlet 'dispatcherServlet'
Initializing Servlet 'dispatcherServlet'
Completed initialization in 4 ms
HikariPool-1 - Starting...
HikariPool-1 - Start completed.
【总页数】 page=3
【总页数】 page=3
【总页数】 page=3
【总页数】 page=3
【总页数】 page=3
【总页数】 page=3
【总页数】 page=3
【总页数】 page=3
【总页数】 page=3
【总页数】 page=3
【总页数】 page=3
【总页数】 page=3
【总页数】 page=3
【总页数】 page=3
【总页数】 page=3
Starting SellApplication on DESKTOP-GP4UST7 with PID 19900 (D:\workspace\sell\target\classes started by 89284 in D:\workspace\sell)
No active profile set, falling back to default profiles: default
Tomcat initialized with port(s): 8080 (http)
Initializing ProtocolHandler ["http-nio-8080"]
Starting service [Tomcat]
Starting Servlet engine: [Apache Tomcat/9.0.19]
Initializing Spring embedded WebApplicationContext
Root WebApplicationContext: initialization completed in 971 ms
Initializing ExecutorService 'applicationTaskExecutor'
Starting ProtocolHandler ["http-nio-8080"]
Tomcat started on port(s): 8080 (http) with context path '/sell'
Started SellApplication in 2.89 seconds (JVM running for 4.054)
Initializing Spring DispatcherServlet 'dispatcherServlet'
Initializing Servlet 'dispatcherServlet'
Completed initialization in 5 ms
HikariPool-1 - Starting...
HikariPool-1 - Start completed.
【总页数】 page=3
【总页数】 page=3
【总页数】 page=3
【总页数】 page=3
【总页数】 page=3
【总页数】 page=3
HikariPool-1 - Thread starvation or clock leap detected (housekeeper delta=6m15s902ms896µs494ns).
Starting SellApplication on DESKTOP-GP4UST7 with PID 22644 (D:\workspace\sell\target\classes started by 89284 in D:\workspace\sell)
No active profile set, falling back to default profiles: default
Tomcat initialized with port(s): 8080 (http)
Initializing ProtocolHandler ["http-nio-8080"]
Starting service [Tomcat]
Starting Servlet engine: [Apache Tomcat/9.0.19]
Initializing Spring embedded WebApplicationContext
Root WebApplicationContext: initialization completed in 1070 ms
Initializing ExecutorService 'applicationTaskExecutor'
Starting ProtocolHandler ["http-nio-8080"]
Tomcat started on port(s): 8080 (http) with context path '/sell'
Started SellApplication in 3.2 seconds (JVM running for 4.497)
Initializing Spring DispatcherServlet 'dispatcherServlet'
Initializing Servlet 'dispatcherServlet'
Completed initialization in 7 ms
HikariPool-1 - Starting...
HikariPool-1 - Start completed.
【总页数】 page=3
【总页数】 page=3
【总页数】 page=3
【总页数】 page=3
【总页数】 page=3
【总页数】 page=3
【总页数】 page=3
【总页数】 page=3
【总页数】 page=3
Starting SellApplication on DESKTOP-GP4UST7 with PID 23060 (D:\workspace\sell\target\classes started by 89284 in D:\workspace\sell)
No active profile set, falling back to default profiles: default
Tomcat initialized with port(s): 8080 (http)
Initializing ProtocolHandler ["http-nio-8080"]
Starting service [Tomcat]
Starting Servlet engine: [Apache Tomcat/9.0.19]
Initializing Spring embedded WebApplicationContext
Root WebApplicationContext: initialization completed in 1404 ms
Initializing ExecutorService 'applicationTaskExecutor'
Starting ProtocolHandler ["http-nio-8080"]
Tomcat started on port(s): 8080 (http) with context path '/sell'
Started SellApplication in 3.825 seconds (JVM running for 5.339)
Initializing Spring DispatcherServlet 'dispatcherServlet'
Initializing Servlet 'dispatcherServlet'
Completed initialization in 6 ms
HikariPool-1 - Starting...
HikariPool-1 - Start completed.
【总页数】 page=3
【总页数】 page=3
【总页数】 page=3
【总页数】 page=3
【总页数】 page=3
【总页数】 page=3
【总页数】 page=3
【总页数】 page=3
Starting SellApplication on DESKTOP-GP4UST7 with PID 17784 (D:\workspace\sell\target\classes started by 89284 in D:\workspace\sell)
No active profile set, falling back to default profiles: default
Tomcat initialized with port(s): 8080 (http)
Initializing ProtocolHandler ["http-nio-8080"]
Starting service [Tomcat]
Starting Servlet engine: [Apache Tomcat/9.0.19]
Initializing Spring embedded WebApplicationContext
Root WebApplicationContext: initialization completed in 1211 ms
Initializing ExecutorService 'applicationTaskExecutor'
Starting ProtocolHandler ["http-nio-8080"]
Tomcat started on port(s): 8080 (http) with context path '/sell'
Started SellApplication in 3.711 seconds (JVM running for 5.077)
Initializing Spring DispatcherServlet 'dispatcherServlet'
Initializing Servlet 'dispatcherServlet'
Completed initialization in 4 ms
HikariPool-1 - Starting...
HikariPool-1 - Start completed.
【总页数】 page=3
【总页数】 page=3
Starting SellApplication on DESKTOP-GP4UST7 with PID 18344 (D:\workspace\sell\target\classes started by 89284 in D:\workspace\sell)
No active profile set, falling back to default profiles: default
Tomcat initialized with port(s): 8080 (http)
Initializing ProtocolHandler ["http-nio-8080"]
Starting service [Tomcat]
Starting Servlet engine: [Apache Tomcat/9.0.19]
Initializing Spring embedded WebApplicationContext
Root WebApplicationContext: initialization completed in 1053 ms
Initializing ExecutorService 'applicationTaskExecutor'
Starting ProtocolHandler ["http-nio-8080"]
Tomcat started on port(s): 8080 (http) with context path '/sell'
Started SellApplication in 3.18 seconds (JVM running for 4.506)
Initializing Spring DispatcherServlet 'dispatcherServlet'
Initializing Servlet 'dispatcherServlet'
Completed initialization in 8 ms
HikariPool-1 - Starting...
HikariPool-1 - Start completed.
【总页数】 page=3
【总页数】 page=3
【总页数】 page=3
【总页数】 page=3
Starting SellApplication on DESKTOP-GP4UST7 with PID 19012 (D:\workspace\sell\target\classes started by 89284 in D:\workspace\sell)
No active profile set, falling back to default profiles: default
Tomcat initialized with port(s): 8080 (http)
Initializing ProtocolHandler ["http-nio-8080"]
Starting service [Tomcat]
Starting Servlet engine: [Apache Tomcat/9.0.19]
Initializing Spring embedded WebApplicationContext
Root WebApplicationContext: initialization completed in 1183 ms
Initializing ExecutorService 'applicationTaskExecutor'
Starting ProtocolHandler ["http-nio-8080"]
Tomcat started on port(s): 8080 (http) with context path '/sell'
Started SellApplication in 3.485 seconds (JVM running for 4.999)
Initializing Spring DispatcherServlet 'dispatcherServlet'
Initializing Servlet 'dispatcherServlet'
Completed initialization in 9 ms
HikariPool-1 - Starting...
HikariPool-1 - Start completed.
【总页数】 page=3
【总页数】 page=3
【总页数】 page=3
【总页数】 page=3
【总页数】 page=3
【总页数】 page=3
【总页数】 page=3
【总页数】 page=3
Starting SellApplication on DESKTOP-GP4UST7 with PID 17312 (D:\workspace\sell\target\classes started by 89284 in D:\workspace\sell)
No active profile set, falling back to default profiles: default
Tomcat initialized with port(s): 8080 (http)
Initializing ProtocolHandler ["http-nio-8080"]
Starting service [Tomcat]
Starting Servlet engine: [Apache Tomcat/9.0.19]
Initializing Spring embedded WebApplicationContext
Root WebApplicationContext: initialization completed in 1081 ms
Initializing ExecutorService 'applicationTaskExecutor'
Starting ProtocolHandler ["http-nio-8080"]
Tomcat started on port(s): 8080 (http) with context path '/sell'
Started SellApplication in 3.348 seconds (JVM running for 4.604)
Initializing Spring DispatcherServlet 'dispatcherServlet'
Initializing Servlet 'dispatcherServlet'
Completed initialization in 6 ms
HikariPool-1 - Starting...
HikariPool-1 - Start completed.
【总页数】 page=3
【总页数】 page=3
【总页数】 page=3
【总页数】 page=3
【总页数】 page=3
