Starting SellApplication on DESKTOP-GP4UST7 with PID 11112 (D:\workspace\sell\target\classes started by 89284 in D:\workspace\sell)
No active profile set, falling back to default profiles: default
Tomcat initialized with port(s): 8080 (http)
Initializing ProtocolHandler ["http-nio-8080"]
Starting service [Tomcat]
Starting Servlet engine: [Apache Tomcat/9.0.19]
Initializing Spring embedded WebApplicationContext
Root WebApplicationContext: initialization completed in 1105 ms
Initializing ExecutorService 'applicationTaskExecutor'
Starting ProtocolHandler ["http-nio-8080"]
Tomcat started on port(s): 8080 (http) with context path '/sell'
Started SellApplication in 3.364 seconds (JVM running for 4.936)
Initializing Spring DispatcherServlet 'dispatcherServlet'
Initializing Servlet 'dispatcherServlet'
Completed initialization in 7 ms
HikariPool-1 - Starting...
HikariPool-1 - Start completed.
【总页数】 page=3
【总页数】 page=3
【总页数】 page=3
【总页数】 page=3
【总页数】 page=3
【总页数】 page=3
【总页数】 page=3
【总页数】 page=3
【总页数】 page=3
【总页数】 page=3
【总页数】 page=3
Starting SellApplication on DESKTOP-GP4UST7 with PID 8140 (D:\workspace\sell\target\classes started by 89284 in D:\workspace\sell)
No active profile set, falling back to default profiles: default
Tomcat initialized with port(s): 8080 (http)
Initializing ProtocolHandler ["http-nio-8080"]
Starting service [Tomcat]
Starting Servlet engine: [Apache Tomcat/9.0.19]
Initializing Spring embedded WebApplicationContext
Root WebApplicationContext: initialization completed in 1207 ms
Initializing ExecutorService 'applicationTaskExecutor'
Starting ProtocolHandler ["http-nio-8080"]
Tomcat started on port(s): 8080 (http) with context path '/sell'
Started SellApplication in 3.454 seconds (JVM running for 4.869)
Initializing Spring DispatcherServlet 'dispatcherServlet'
Initializing Servlet 'dispatcherServlet'
Completed initialization in 9 ms
HikariPool-1 - Starting...
HikariPool-1 - Start completed.
【总页数】 page=3
Starting SellApplication on DESKTOP-GP4UST7 with PID 18160 (D:\workspace\sell\target\classes started by 89284 in D:\workspace\sell)
No active profile set, falling back to default profiles: default
Tomcat initialized with port(s): 8080 (http)
Initializing ProtocolHandler ["http-nio-8080"]
Starting service [Tomcat]
Starting Servlet engine: [Apache Tomcat/9.0.19]
Initializing Spring embedded WebApplicationContext
Root WebApplicationContext: initialization completed in 1135 ms
Initializing ExecutorService 'applicationTaskExecutor'
Starting ProtocolHandler ["http-nio-8080"]
Tomcat started on port(s): 8080 (http) with context path '/sell'
Started SellApplication in 3.368 seconds (JVM running for 4.708)
Initializing Spring DispatcherServlet 'dispatcherServlet'
Initializing Servlet 'dispatcherServlet'
Completed initialization in 7 ms
HikariPool-1 - Starting...
HikariPool-1 - Start completed.
【总页数】 page=3
【总页数】 page=3
【总页数】 page=3
【总页数】 page=3
【总页数】 page=3
【总页数】 page=3
【总页数】 page=3
【总页数】 page=3
【总页数】 page=3
【总页数】 page=3
【总页数】 page=3
【总页数】 page=3
【总页数】 page=3
【总页数】 page=3
【总页数】 page=3
Starting SellApplication on DESKTOP-GP4UST7 with PID 18848 (D:\workspace\sell\target\classes started by 89284 in D:\workspace\sell)
No active profile set, falling back to default profiles: default
Tomcat initialized with port(s): 8080 (http)
Initializing ProtocolHandler ["http-nio-8080"]
Starting service [Tomcat]
Starting Servlet engine: [Apache Tomcat/9.0.19]
Initializing Spring embedded WebApplicationContext
Root WebApplicationContext: initialization completed in 1099 ms
Initializing ExecutorService 'applicationTaskExecutor'
Starting ProtocolHandler ["http-nio-8080"]
Tomcat started on port(s): 8080 (http) with context path '/sell'
Started SellApplication in 3.412 seconds (JVM running for 4.935)
Initializing Spring DispatcherServlet 'dispatcherServlet'
Initializing Servlet 'dispatcherServlet'
Completed initialization in 7 ms
HikariPool-1 - Starting...
HikariPool-1 - Start completed.
【总页数】 page=3
【总页数】 page=3
Starting SellApplication on DESKTOP-GP4UST7 with PID 704 (D:\workspace\sell\target\classes started by 89284 in D:\workspace\sell)
No active profile set, falling back to default profiles: default
Tomcat initialized with port(s): 8080 (http)
Initializing ProtocolHandler ["http-nio-8080"]
Starting service [Tomcat]
Starting Servlet engine: [Apache Tomcat/9.0.19]
Initializing Spring embedded WebApplicationContext
Root WebApplicationContext: initialization completed in 1277 ms
Initializing ExecutorService 'applicationTaskExecutor'
Starting ProtocolHandler ["http-nio-8080"]
Tomcat started on port(s): 8080 (http) with context path '/sell'
Started SellApplication in 3.726 seconds (JVM running for 5.022)
Initializing Spring DispatcherServlet 'dispatcherServlet'
Initializing Servlet 'dispatcherServlet'
Completed initialization in 6 ms
HikariPool-1 - Starting...
HikariPool-1 - Start completed.
【总页数】 page=3
【总页数】 page=3
【总页数】 page=3
【总页数】 page=3
【总页数】 page=3
【总页数】 page=3
【总页数】 page=2
【总页数】 page=2
【总页数】 page=2
【总页数】 page=2
【总页数】 page=2
Starting SellApplication on DESKTOP-GP4UST7 with PID 21684 (D:\workspace\sell\target\classes started by 89284 in D:\workspace\sell)
No active profile set, falling back to default profiles: default
Tomcat initialized with port(s): 8080 (http)
Initializing ProtocolHandler ["http-nio-8080"]
Starting service [Tomcat]
Starting Servlet engine: [Apache Tomcat/9.0.19]
Initializing Spring embedded WebApplicationContext
Root WebApplicationContext: initialization completed in 3223 ms
Initializing ExecutorService 'applicationTaskExecutor'
Starting ProtocolHandler ["http-nio-8080"]
Tomcat started on port(s): 8080 (http) with context path '/sell'
Started SellApplication in 6.013 seconds (JVM running for 16.181)
Initializing Spring DispatcherServlet 'dispatcherServlet'
Initializing Servlet 'dispatcherServlet'
Completed initialization in 12 ms
HikariPool-1 - Starting...
HikariPool-1 - Start completed.
【微信网页授权】获得code，redirectUrl=https://open.weixin.qq.com/connect/oauth2/authorize?appid=wx7e43b0ef828ebb9e&redirect_uri=http%3A%2F%2Fwcs.natapp1.cc%2Fsell%2Fwechat%2FuserInfo&response_type=code&scope=snsapi_userinfo&state=http%3A%2F%2Fsell.com%2F%23%2F&connect_redirect=1#wechat_redirect
【总页数】 page=2
【总页数】 page=3
【总页数】 page=3
【总页数】 page=3
【总页数】 page=3
【总页数】 page=3
Starting SellApplication on DESKTOP-GP4UST7 with PID 18840 (D:\workspace\sell\target\classes started by 89284 in D:\workspace\sell)
No active profile set, falling back to default profiles: default
Tomcat initialized with port(s): 8080 (http)
Initializing ProtocolHandler ["http-nio-8080"]
Starting service [Tomcat]
Starting Servlet engine: [Apache Tomcat/9.0.19]
Initializing Spring embedded WebApplicationContext
Root WebApplicationContext: initialization completed in 1239 ms
Initializing ExecutorService 'applicationTaskExecutor'
Starting ProtocolHandler ["http-nio-8080"]
Tomcat started on port(s): 8080 (http) with context path '/sell'
Started SellApplication in 3.561 seconds (JVM running for 4.858)
Initializing Spring DispatcherServlet 'dispatcherServlet'
Initializing Servlet 'dispatcherServlet'
Completed initialization in 11 ms
Resolved [org.springframework.web.bind.MissingServletRequestParameterException: Required String parameter 'order' is not present]
Starting SellApplication on DESKTOP-GP4UST7 with PID 17200 (D:\workspace\sell\target\classes started by 89284 in D:\workspace\sell)
No active profile set, falling back to default profiles: default
Tomcat initialized with port(s): 8080 (http)
Initializing ProtocolHandler ["http-nio-8080"]
Starting service [Tomcat]
Starting Servlet engine: [Apache Tomcat/9.0.19]
Initializing Spring embedded WebApplicationContext
Root WebApplicationContext: initialization completed in 1040 ms
Initializing ExecutorService 'applicationTaskExecutor'
Starting ProtocolHandler ["http-nio-8080"]
Tomcat started on port(s): 8080 (http) with context path '/sell'
Started SellApplication in 3.203 seconds (JVM running for 4.361)
Initializing Spring DispatcherServlet 'dispatcherServlet'
Initializing Servlet 'dispatcherServlet'
Completed initialization in 6 ms
HikariPool-1 - Starting...
HikariPool-1 - Start completed.
Starting SellApplication on DESKTOP-GP4UST7 with PID 14284 (D:\workspace\sell\target\classes started by 89284 in D:\workspace\sell)
No active profile set, falling back to default profiles: default
Tomcat initialized with port(s): 8080 (http)
Initializing ProtocolHandler ["http-nio-8080"]
Starting service [Tomcat]
Starting Servlet engine: [Apache Tomcat/9.0.19]
Initializing Spring embedded WebApplicationContext
Root WebApplicationContext: initialization completed in 1133 ms
Initializing ExecutorService 'applicationTaskExecutor'
Starting ProtocolHandler ["http-nio-8080"]
Tomcat started on port(s): 8080 (http) with context path '/sell'
Started SellApplication in 3.335 seconds (JVM running for 4.532)
Initializing Spring DispatcherServlet 'dispatcherServlet'
Initializing Servlet 'dispatcherServlet'
Completed initialization in 6 ms
HikariPool-1 - Starting...
HikariPool-1 - Start completed.
【总页数】 page=3
【总页数】 page=3
【总页数】 page=3
Starting SellApplication on DESKTOP-GP4UST7 with PID 11016 (D:\workspace\sell\target\classes started by 89284 in D:\workspace\sell)
No active profile set, falling back to default profiles: default
Tomcat initialized with port(s): 8080 (http)
Initializing ProtocolHandler ["http-nio-8080"]
Starting service [Tomcat]
Starting Servlet engine: [Apache Tomcat/9.0.19]
Initializing Spring embedded WebApplicationContext
Root WebApplicationContext: initialization completed in 1161 ms
Initializing ExecutorService 'applicationTaskExecutor'
Starting ProtocolHandler ["http-nio-8080"]
Tomcat started on port(s): 8080 (http) with context path '/sell'
Started SellApplication in 3.547 seconds (JVM running for 4.913)
Initializing Spring DispatcherServlet 'dispatcherServlet'
Initializing Servlet 'dispatcherServlet'
Completed initialization in 7 ms
HikariPool-1 - Starting...
HikariPool-1 - Start completed.
【总页数】 page=3
Starting SellApplication on DESKTOP-GP4UST7 with PID 17204 (D:\workspace\sell\target\classes started by 89284 in D:\workspace\sell)
No active profile set, falling back to default profiles: default
Tomcat initialized with port(s): 8080 (http)
Initializing ProtocolHandler ["http-nio-8080"]
Starting service [Tomcat]
Starting Servlet engine: [Apache Tomcat/9.0.19]
Initializing Spring embedded WebApplicationContext
Root WebApplicationContext: initialization completed in 1088 ms
Initializing ExecutorService 'applicationTaskExecutor'
Starting ProtocolHandler ["http-nio-8080"]
Tomcat started on port(s): 8080 (http) with context path '/sell'
Started SellApplication in 3.277 seconds (JVM running for 4.767)
Initializing Spring DispatcherServlet 'dispatcherServlet'
Initializing Servlet 'dispatcherServlet'
Completed initialization in 6 ms
HikariPool-1 - Starting...
HikariPool-1 - Start completed.
【总页数】 page=3
【总页数】 page=3
【总页数】 page=3
【总页数】 page=3
【总页数】 page=3
【总页数】 page=3
【总页数】 page=3
【总页数】 page=3
【总页数】 page=3
【总页数】 page=3
【总页数】 page=3
【总页数】 page=3
【总页数】 page=3
【总页数】 page=3
【总页数】 page=3
【总页数】 page=3
【总页数】 page=3
【总页数】 page=3
Starting SellApplication on DESKTOP-GP4UST7 with PID 18996 (D:\workspace\sell\target\classes started by 89284 in D:\workspace\sell)
No active profile set, falling back to default profiles: default
Tomcat initialized with port(s): 8080 (http)
Initializing ProtocolHandler ["http-nio-8080"]
Starting service [Tomcat]
Starting Servlet engine: [Apache Tomcat/9.0.19]
Initializing Spring embedded WebApplicationContext
Root WebApplicationContext: initialization completed in 1087 ms
Initializing ExecutorService 'applicationTaskExecutor'
Starting ProtocolHandler ["http-nio-8080"]
Tomcat started on port(s): 8080 (http) with context path '/sell'
Started SellApplication in 3.325 seconds (JVM running for 4.612)
Initializing Spring DispatcherServlet 'dispatcherServlet'
Initializing Servlet 'dispatcherServlet'
Completed initialization in 9 ms
HikariPool-1 - Starting...
HikariPool-1 - Start completed.
【总页数】 page=3
【总页数】 page=3
【总页数】 page=3
【总页数】 page=3
Starting SellApplication on DESKTOP-GP4UST7 with PID 17944 (D:\workspace\sell\target\classes started by 89284 in D:\workspace\sell)
No active profile set, falling back to default profiles: default
Tomcat initialized with port(s): 8080 (http)
Initializing ProtocolHandler ["http-nio-8080"]
Starting service [Tomcat]
Starting Servlet engine: [Apache Tomcat/9.0.19]
Initializing Spring embedded WebApplicationContext
Root WebApplicationContext: initialization completed in 1666 ms
Initializing ExecutorService 'applicationTaskExecutor'
Starting ProtocolHandler ["http-nio-8080"]
Tomcat started on port(s): 8080 (http) with context path '/sell'
Started SellApplication in 4.427 seconds (JVM running for 5.694)
Initializing Spring DispatcherServlet 'dispatcherServlet'
Initializing Servlet 'dispatcherServlet'
Completed initialization in 13 ms
HikariPool-1 - Starting...
HikariPool-1 - Start completed.
【总页数】 page=3
Starting SellApplication on DESKTOP-GP4UST7 with PID 9440 (D:\workspace\sell\target\classes started by 89284 in D:\workspace\sell)
No active profile set, falling back to default profiles: default
Tomcat initialized with port(s): 8080 (http)
Initializing ProtocolHandler ["http-nio-8080"]
Starting service [Tomcat]
Starting Servlet engine: [Apache Tomcat/9.0.19]
Initializing Spring embedded WebApplicationContext
Root WebApplicationContext: initialization completed in 1090 ms
Initializing ExecutorService 'applicationTaskExecutor'
Starting ProtocolHandler ["http-nio-8080"]
Tomcat started on port(s): 8080 (http) with context path '/sell'
Started SellApplication in 3.322 seconds (JVM running for 4.504)
Starting SellApplication on DESKTOP-GP4UST7 with PID 676 (D:\workspace\sell\target\classes started by 89284 in D:\workspace\sell)
No active profile set, falling back to default profiles: default
Tomcat initialized with port(s): 8080 (http)
Initializing ProtocolHandler ["http-nio-8080"]
Starting service [Tomcat]
Starting Servlet engine: [Apache Tomcat/9.0.19]
Initializing Spring embedded WebApplicationContext
Root WebApplicationContext: initialization completed in 1027 ms
Initializing ExecutorService 'applicationTaskExecutor'
Starting ProtocolHandler ["http-nio-8080"]
Tomcat started on port(s): 8080 (http) with context path '/sell'
Started SellApplication in 3.285 seconds (JVM running for 4.481)
Initializing Spring DispatcherServlet 'dispatcherServlet'
Initializing Servlet 'dispatcherServlet'
Completed initialization in 8 ms
HikariPool-1 - Starting...
HikariPool-1 - Start completed.
【总页数】 page=3
【总页数】 page=3
【总页数】 page=3
【总页数】 page=3
【总页数】 page=3
【总页数】 page=3
【总页数】 page=3
【总页数】 page=3
Starting SellApplication on DESKTOP-GP4UST7 with PID 7292 (D:\workspace\sell\target\classes started by 89284 in D:\workspace\sell)
No active profile set, falling back to default profiles: default
Tomcat initialized with port(s): 8080 (http)
Initializing ProtocolHandler ["http-nio-8080"]
Starting service [Tomcat]
Starting Servlet engine: [Apache Tomcat/9.0.19]
Initializing Spring embedded WebApplicationContext
Root WebApplicationContext: initialization completed in 1029 ms
Initializing ExecutorService 'applicationTaskExecutor'
Starting ProtocolHandler ["http-nio-8080"]
Tomcat started on port(s): 8080 (http) with context path '/sell'
Started SellApplication in 3.092 seconds (JVM running for 4.392)
Initializing Spring DispatcherServlet 'dispatcherServlet'
Initializing Servlet 'dispatcherServlet'
Completed initialization in 5 ms
HikariPool-1 - Starting...
HikariPool-1 - Start completed.
【总页数】 page=3
Starting SellApplication on DESKTOP-GP4UST7 with PID 15548 (D:\workspace\sell\target\classes started by 89284 in D:\workspace\sell)
No active profile set, falling back to default profiles: default
Tomcat initialized with port(s): 8080 (http)
Initializing ProtocolHandler ["http-nio-8080"]
Starting service [Tomcat]
Starting Servlet engine: [Apache Tomcat/9.0.19]
Initializing Spring embedded WebApplicationContext
Root WebApplicationContext: initialization completed in 1049 ms
Initializing ExecutorService 'applicationTaskExecutor'
Starting ProtocolHandler ["http-nio-8080"]
Tomcat started on port(s): 8080 (http) with context path '/sell'
Started SellApplication in 3.273 seconds (JVM running for 4.72)
Initializing Spring DispatcherServlet 'dispatcherServlet'
Initializing Servlet 'dispatcherServlet'
Completed initialization in 7 ms
HikariPool-1 - Starting...
HikariPool-1 - Start completed.
【总页数】 page=3
Starting SellApplication on DESKTOP-GP4UST7 with PID 23220 (D:\workspace\sell\target\classes started by 89284 in D:\workspace\sell)
No active profile set, falling back to default profiles: default
Tomcat initialized with port(s): 8080 (http)
Initializing ProtocolHandler ["http-nio-8080"]
Starting service [Tomcat]
Starting Servlet engine: [Apache Tomcat/9.0.19]
Initializing Spring embedded WebApplicationContext
Root WebApplicationContext: initialization completed in 1102 ms
Initializing ExecutorService 'applicationTaskExecutor'
Starting ProtocolHandler ["http-nio-8080"]
Tomcat started on port(s): 8080 (http) with context path '/sell'
Started SellApplication in 3.341 seconds (JVM running for 4.582)
Initializing Spring DispatcherServlet 'dispatcherServlet'
Initializing Servlet 'dispatcherServlet'
Completed initialization in 7 ms
HikariPool-1 - Starting...
HikariPool-1 - Start completed.
【总页数】 page=3
【总页数】 page=3
【总页数】 page=3
Starting SellApplication on DESKTOP-GP4UST7 with PID 13228 (D:\workspace\sell\target\classes started by 89284 in D:\workspace\sell)
No active profile set, falling back to default profiles: default
Tomcat initialized with port(s): 8080 (http)
Initializing ProtocolHandler ["http-nio-8080"]
Starting service [Tomcat]
Starting Servlet engine: [Apache Tomcat/9.0.19]
Initializing Spring embedded WebApplicationContext
Root WebApplicationContext: initialization completed in 1066 ms
Initializing ExecutorService 'applicationTaskExecutor'
Starting ProtocolHandler ["http-nio-8080"]
Tomcat started on port(s): 8080 (http) with context path '/sell'
Started SellApplication in 3.232 seconds (JVM running for 4.526)
Initializing Spring DispatcherServlet 'dispatcherServlet'
Initializing Servlet 'dispatcherServlet'
Completed initialization in 6 ms
HikariPool-1 - Starting...
HikariPool-1 - Start completed.
【总页数】 page=3
【总页数】 page=3
Starting SellApplication on DESKTOP-GP4UST7 with PID 15832 (D:\workspace\sell\target\classes started by 89284 in D:\workspace\sell)
No active profile set, falling back to default profiles: default
Tomcat initialized with port(s): 8080 (http)
Initializing ProtocolHandler ["http-nio-8080"]
Starting service [Tomcat]
Starting Servlet engine: [Apache Tomcat/9.0.19]
Initializing Spring embedded WebApplicationContext
Root WebApplicationContext: initialization completed in 1073 ms
Initializing ExecutorService 'applicationTaskExecutor'
Starting ProtocolHandler ["http-nio-8080"]
Tomcat started on port(s): 8080 (http) with context path '/sell'
Started SellApplication in 3.278 seconds (JVM running for 4.647)
Initializing Spring DispatcherServlet 'dispatcherServlet'
Initializing Servlet 'dispatcherServlet'
Completed initialization in 6 ms
HikariPool-1 - Starting...
HikariPool-1 - Start completed.
【总页数】 page=3
Starting SellApplication on DESKTOP-GP4UST7 with PID 17104 (D:\workspace\sell\target\classes started by 89284 in D:\workspace\sell)
No active profile set, falling back to default profiles: default
Tomcat initialized with port(s): 8080 (http)
Initializing ProtocolHandler ["http-nio-8080"]
Starting service [Tomcat]
Starting Servlet engine: [Apache Tomcat/9.0.19]
Initializing Spring embedded WebApplicationContext
Root WebApplicationContext: initialization completed in 1066 ms
Initializing ExecutorService 'applicationTaskExecutor'
Starting ProtocolHandler ["http-nio-8080"]
Tomcat started on port(s): 8080 (http) with context path '/sell'
Started SellApplication in 3.298 seconds (JVM running for 4.775)
Initializing Spring DispatcherServlet 'dispatcherServlet'
Initializing Servlet 'dispatcherServlet'
Completed initialization in 6 ms
HikariPool-1 - Starting...
HikariPool-1 - Start completed.
【总页数】 page=3
【总页数】 page=3
【总页数】 page=3
Starting SellApplication on DESKTOP-GP4UST7 with PID 13260 (D:\workspace\sell\target\classes started by 89284 in D:\workspace\sell)
No active profile set, falling back to default profiles: default
Tomcat initialized with port(s): 8080 (http)
Initializing ProtocolHandler ["http-nio-8080"]
Starting service [Tomcat]
Starting Servlet engine: [Apache Tomcat/9.0.19]
Initializing Spring embedded WebApplicationContext
Root WebApplicationContext: initialization completed in 1048 ms
Initializing ExecutorService 'applicationTaskExecutor'
Starting ProtocolHandler ["http-nio-8080"]
Tomcat started on port(s): 8080 (http) with context path '/sell'
Started SellApplication in 3.185 seconds (JVM running for 4.516)
Starting SellApplication on DESKTOP-GP4UST7 with PID 20800 (D:\workspace\sell\target\classes started by 89284 in D:\workspace\sell)
No active profile set, falling back to default profiles: default
Tomcat initialized with port(s): 8080 (http)
Initializing ProtocolHandler ["http-nio-8080"]
Starting service [Tomcat]
Starting Servlet engine: [Apache Tomcat/9.0.19]
Initializing Spring embedded WebApplicationContext
Root WebApplicationContext: initialization completed in 1105 ms
Initializing ExecutorService 'applicationTaskExecutor'
Starting ProtocolHandler ["http-nio-8080"]
Tomcat started on port(s): 8080 (http) with context path '/sell'
Started SellApplication in 3.435 seconds (JVM running for 4.799)
Initializing Spring DispatcherServlet 'dispatcherServlet'
Initializing Servlet 'dispatcherServlet'
Completed initialization in 7 ms
HikariPool-1 - Starting...
HikariPool-1 - Start completed.
【总页数】 page=3
【总页数】 page=3
Starting SellApplication on DESKTOP-GP4UST7 with PID 17936 (D:\workspace\sell\target\classes started by 89284 in D:\workspace\sell)
No active profile set, falling back to default profiles: default
Tomcat initialized with port(s): 8080 (http)
Initializing ProtocolHandler ["http-nio-8080"]
Starting service [Tomcat]
Starting Servlet engine: [Apache Tomcat/9.0.19]
Initializing Spring embedded WebApplicationContext
Root WebApplicationContext: initialization completed in 1199 ms
Initializing ExecutorService 'applicationTaskExecutor'
Starting ProtocolHandler ["http-nio-8080"]
Tomcat started on port(s): 8080 (http) with context path '/sell'
Started SellApplication in 3.85 seconds (JVM running for 5.103)
Starting SellApplication on DESKTOP-GP4UST7 with PID 1628 (D:\workspace\sell\target\classes started by 89284 in D:\workspace\sell)
No active profile set, falling back to default profiles: default
Tomcat initialized with port(s): 8080 (http)
Initializing ProtocolHandler ["http-nio-8080"]
Starting service [Tomcat]
Starting Servlet engine: [Apache Tomcat/9.0.19]
Initializing Spring embedded WebApplicationContext
Root WebApplicationContext: initialization completed in 1095 ms
Initializing ExecutorService 'applicationTaskExecutor'
Starting ProtocolHandler ["http-nio-8080"]
Tomcat started on port(s): 8080 (http) with context path '/sell'
Started SellApplication in 3.334 seconds (JVM running for 4.838)
Initializing Spring DispatcherServlet 'dispatcherServlet'
Initializing Servlet 'dispatcherServlet'
Completed initialization in 7 ms
HikariPool-1 - Starting...
HikariPool-1 - Start completed.
Starting SellApplication on DESKTOP-GP4UST7 with PID 22604 (D:\workspace\sell\target\classes started by 89284 in D:\workspace\sell)
No active profile set, falling back to default profiles: default
Tomcat initialized with port(s): 8080 (http)
Initializing ProtocolHandler ["http-nio-8080"]
Starting service [Tomcat]
Starting Servlet engine: [Apache Tomcat/9.0.19]
Initializing Spring embedded WebApplicationContext
Root WebApplicationContext: initialization completed in 1185 ms
Initializing ExecutorService 'applicationTaskExecutor'
Starting ProtocolHandler ["http-nio-8080"]
Tomcat started on port(s): 8080 (http) with context path '/sell'
Started SellApplication in 3.382 seconds (JVM running for 4.77)
Initializing Spring DispatcherServlet 'dispatcherServlet'
Initializing Servlet 'dispatcherServlet'
Completed initialization in 6 ms
HikariPool-1 - Starting...
HikariPool-1 - Start completed.
Starting SellApplication on DESKTOP-GP4UST7 with PID 24300 (D:\workspace\sell\target\classes started by 89284 in D:\workspace\sell)
No active profile set, falling back to default profiles: default
Tomcat initialized with port(s): 8080 (http)
Initializing ProtocolHandler ["http-nio-8080"]
Starting service [Tomcat]
Starting Servlet engine: [Apache Tomcat/9.0.19]
Initializing Spring embedded WebApplicationContext
Root WebApplicationContext: initialization completed in 1096 ms
Initializing ExecutorService 'applicationTaskExecutor'
Starting ProtocolHandler ["http-nio-8080"]
Tomcat started on port(s): 8080 (http) with context path '/sell'
Started SellApplication in 3.417 seconds (JVM running for 4.793)
Initializing Spring DispatcherServlet 'dispatcherServlet'
Initializing Servlet 'dispatcherServlet'
Completed initialization in 6 ms
HikariPool-1 - Starting...
HikariPool-1 - Start completed.
Starting SellApplication on DESKTOP-GP4UST7 with PID 16980 (D:\workspace\sell\target\classes started by 89284 in D:\workspace\sell)
No active profile set, falling back to default profiles: default
Tomcat initialized with port(s): 8080 (http)
Initializing ProtocolHandler ["http-nio-8080"]
Starting service [Tomcat]
Starting Servlet engine: [Apache Tomcat/9.0.19]
Initializing Spring embedded WebApplicationContext
Root WebApplicationContext: initialization completed in 1148 ms
Initializing ExecutorService 'applicationTaskExecutor'
Starting ProtocolHandler ["http-nio-8080"]
Tomcat started on port(s): 8080 (http) with context path '/sell'
Started SellApplication in 3.457 seconds (JVM running for 4.929)
Initializing Spring DispatcherServlet 'dispatcherServlet'
Initializing Servlet 'dispatcherServlet'
Completed initialization in 5 ms
HikariPool-1 - Starting...
HikariPool-1 - Start completed.
Starting SellApplication on DESKTOP-GP4UST7 with PID 9608 (D:\workspace\sell\target\classes started by 89284 in D:\workspace\sell)
No active profile set, falling back to default profiles: default
Tomcat initialized with port(s): 8080 (http)
Initializing ProtocolHandler ["http-nio-8080"]
Starting service [Tomcat]
Starting Servlet engine: [Apache Tomcat/9.0.19]
Initializing Spring embedded WebApplicationContext
Root WebApplicationContext: initialization completed in 1129 ms
Initializing ExecutorService 'applicationTaskExecutor'
Starting ProtocolHandler ["http-nio-8080"]
Tomcat started on port(s): 8080 (http) with context path '/sell'
Started SellApplication in 3.422 seconds (JVM running for 4.853)
Initializing Spring DispatcherServlet 'dispatcherServlet'
Initializing Servlet 'dispatcherServlet'
Completed initialization in 7 ms
HikariPool-1 - Starting...
HikariPool-1 - Start completed.
Starting SellApplication on DESKTOP-GP4UST7 with PID 4808 (D:\workspace\sell\target\classes started by 89284 in D:\workspace\sell)
No active profile set, falling back to default profiles: default
Tomcat initialized with port(s): 8080 (http)
Initializing ProtocolHandler ["http-nio-8080"]
Starting service [Tomcat]
Starting Servlet engine: [Apache Tomcat/9.0.19]
Initializing Spring embedded WebApplicationContext
Root WebApplicationContext: initialization completed in 1073 ms
Initializing ExecutorService 'applicationTaskExecutor'
Starting ProtocolHandler ["http-nio-8080"]
Tomcat started on port(s): 8080 (http) with context path '/sell'
Started SellApplication in 3.239 seconds (JVM running for 4.651)
Initializing Spring DispatcherServlet 'dispatcherServlet'
Initializing Servlet 'dispatcherServlet'
Completed initialization in 7 ms
HikariPool-1 - Starting...
HikariPool-1 - Start completed.
Starting SellApplication on DESKTOP-GP4UST7 with PID 1624 (D:\workspace\sell\target\classes started by 89284 in D:\workspace\sell)
No active profile set, falling back to default profiles: default
Tomcat initialized with port(s): 8080 (http)
Initializing ProtocolHandler ["http-nio-8080"]
Starting service [Tomcat]
Starting Servlet engine: [Apache Tomcat/9.0.19]
Initializing Spring embedded WebApplicationContext
Root WebApplicationContext: initialization completed in 1075 ms
Initializing ExecutorService 'applicationTaskExecutor'
Starting ProtocolHandler ["http-nio-8080"]
Tomcat started on port(s): 8080 (http) with context path '/sell'
Started SellApplication in 3.412 seconds (JVM running for 4.76)
Initializing Spring DispatcherServlet 'dispatcherServlet'
Initializing Servlet 'dispatcherServlet'
Completed initialization in 7 ms
HikariPool-1 - Starting...
HikariPool-1 - Start completed.
Starting SellApplication on DESKTOP-GP4UST7 with PID 23536 (D:\workspace\sell\target\classes started by 89284 in D:\workspace\sell)
No active profile set, falling back to default profiles: default
Tomcat initialized with port(s): 8080 (http)
Initializing ProtocolHandler ["http-nio-8080"]
Starting service [Tomcat]
Starting Servlet engine: [Apache Tomcat/9.0.19]
Initializing Spring embedded WebApplicationContext
Root WebApplicationContext: initialization completed in 1258 ms
Initializing ExecutorService 'applicationTaskExecutor'
Starting ProtocolHandler ["http-nio-8080"]
Tomcat started on port(s): 8080 (http) with context path '/sell'
Started SellApplication in 3.923 seconds (JVM running for 5.35)
Initializing Spring DispatcherServlet 'dispatcherServlet'
Initializing Servlet 'dispatcherServlet'
Completed initialization in 6 ms
HikariPool-1 - Starting...
HikariPool-1 - Start completed.
Starting SellApplication on DESKTOP-GP4UST7 with PID 4416 (D:\workspace\sell\target\classes started by 89284 in D:\workspace\sell)
No active profile set, falling back to default profiles: default
Tomcat initialized with port(s): 8080 (http)
Initializing ProtocolHandler ["http-nio-8080"]
Starting service [Tomcat]
Starting Servlet engine: [Apache Tomcat/9.0.19]
Initializing Spring embedded WebApplicationContext
Root WebApplicationContext: initialization completed in 1165 ms
Initializing ExecutorService 'applicationTaskExecutor'
Starting ProtocolHandler ["http-nio-8080"]
Tomcat started on port(s): 8080 (http) with context path '/sell'
Started SellApplication in 3.536 seconds (JVM running for 5.053)
Initializing Spring DispatcherServlet 'dispatcherServlet'
Initializing Servlet 'dispatcherServlet'
Completed initialization in 9 ms
HikariPool-1 - Starting...
HikariPool-1 - Start completed.
Starting SellApplication on DESKTOP-GP4UST7 with PID 22916 (D:\workspace\sell\target\classes started by 89284 in D:\workspace\sell)
No active profile set, falling back to default profiles: default
Tomcat initialized with port(s): 8080 (http)
Initializing ProtocolHandler ["http-nio-8080"]
Starting service [Tomcat]
Starting Servlet engine: [Apache Tomcat/9.0.19]
Initializing Spring embedded WebApplicationContext
Root WebApplicationContext: initialization completed in 1114 ms
Initializing ExecutorService 'applicationTaskExecutor'
Starting ProtocolHandler ["http-nio-8080"]
Tomcat started on port(s): 8080 (http) with context path '/sell'
Started SellApplication in 3.246 seconds (JVM running for 4.464)
Starting SellApplication on DESKTOP-GP4UST7 with PID 5932 (D:\workspace\sell\target\classes started by 89284 in D:\workspace\sell)
No active profile set, falling back to default profiles: default
Tomcat initialized with port(s): 8080 (http)
Initializing ProtocolHandler ["http-nio-8080"]
Starting service [Tomcat]
Starting Servlet engine: [Apache Tomcat/9.0.19]
Initializing Spring embedded WebApplicationContext
Root WebApplicationContext: initialization completed in 1024 ms
Initializing ExecutorService 'applicationTaskExecutor'
Starting ProtocolHandler ["http-nio-8080"]
Tomcat started on port(s): 8080 (http) with context path '/sell'
Started SellApplication in 3.067 seconds (JVM running for 4.448)
Initializing Spring DispatcherServlet 'dispatcherServlet'
Initializing Servlet 'dispatcherServlet'
Completed initialization in 6 ms
HikariPool-1 - Starting...
HikariPool-1 - Start completed.
【总页数】 page=3
【总页数】 page=3
【总页数】 page=3
【总页数】 page=3
【总页数】 page=3
【总页数】 page=3
【总页数】 page=3
Starting SellApplication on DESKTOP-GP4UST7 with PID 13416 (D:\workspace\sell\target\classes started by 89284 in D:\workspace\sell)
No active profile set, falling back to default profiles: default
Tomcat initialized with port(s): 8080 (http)
Initializing ProtocolHandler ["http-nio-8080"]
Starting service [Tomcat]
Starting Servlet engine: [Apache Tomcat/9.0.19]
Initializing Spring embedded WebApplicationContext
Root WebApplicationContext: initialization completed in 1058 ms
Initializing ExecutorService 'applicationTaskExecutor'
Starting ProtocolHandler ["http-nio-8080"]
Tomcat started on port(s): 8080 (http) with context path '/sell'
Started SellApplication in 3.25 seconds (JVM running for 4.698)
Initializing Spring DispatcherServlet 'dispatcherServlet'
Initializing Servlet 'dispatcherServlet'
Completed initialization in 6 ms
HikariPool-1 - Starting...
HikariPool-1 - Start completed.
【总页数】 page=3
【总页数】 page=3
Starting SellApplication on DESKTOP-GP4UST7 with PID 22876 (D:\workspace\sell\target\classes started by 89284 in D:\workspace\sell)
No active profile set, falling back to default profiles: default
Tomcat initialized with port(s): 8080 (http)
Initializing ProtocolHandler ["http-nio-8080"]
Starting service [Tomcat]
Starting Servlet engine: [Apache Tomcat/9.0.19]
Initializing Spring embedded WebApplicationContext
Root WebApplicationContext: initialization completed in 1136 ms
Initializing ExecutorService 'applicationTaskExecutor'
Starting ProtocolHandler ["http-nio-8080"]
Tomcat started on port(s): 8080 (http) with context path '/sell'
Started SellApplication in 3.355 seconds (JVM running for 4.571)
Initializing Spring DispatcherServlet 'dispatcherServlet'
Initializing Servlet 'dispatcherServlet'
Completed initialization in 7 ms
HikariPool-1 - Starting...
HikariPool-1 - Start completed.
Starting SellApplication on DESKTOP-GP4UST7 with PID 12664 (D:\workspace\sell\target\classes started by 89284 in D:\workspace\sell)
No active profile set, falling back to default profiles: default
Tomcat initialized with port(s): 8080 (http)
Initializing ProtocolHandler ["http-nio-8080"]
Starting service [Tomcat]
Starting Servlet engine: [Apache Tomcat/9.0.19]
Initializing Spring embedded WebApplicationContext
Root WebApplicationContext: initialization completed in 1025 ms
Initializing ExecutorService 'applicationTaskExecutor'
Starting ProtocolHandler ["http-nio-8080"]
Tomcat started on port(s): 8080 (http) with context path '/sell'
Started SellApplication in 3.083 seconds (JVM running for 4.36)
Initializing Spring DispatcherServlet 'dispatcherServlet'
Initializing Servlet 'dispatcherServlet'
Completed initialization in 6 ms
HikariPool-1 - Starting...
HikariPool-1 - Start completed.
Starting SellApplication on DESKTOP-GP4UST7 with PID 16432 (D:\workspace\sell\target\classes started by 89284 in D:\workspace\sell)
No active profile set, falling back to default profiles: default
Tomcat initialized with port(s): 8080 (http)
Initializing ProtocolHandler ["http-nio-8080"]
Starting service [Tomcat]
Starting Servlet engine: [Apache Tomcat/9.0.19]
Initializing Spring embedded WebApplicationContext
Root WebApplicationContext: initialization completed in 1028 ms
Initializing ExecutorService 'applicationTaskExecutor'
Starting ProtocolHandler ["http-nio-8080"]
Tomcat started on port(s): 8080 (http) with context path '/sell'
Started SellApplication in 3.075 seconds (JVM running for 4.419)
Initializing Spring DispatcherServlet 'dispatcherServlet'
Initializing Servlet 'dispatcherServlet'
Completed initialization in 6 ms
HikariPool-1 - Starting...
HikariPool-1 - Start completed.
Starting SellApplication on DESKTOP-GP4UST7 with PID 15684 (D:\workspace\sell\target\classes started by 89284 in D:\workspace\sell)
No active profile set, falling back to default profiles: default
Tomcat initialized with port(s): 8080 (http)
Initializing ProtocolHandler ["http-nio-8080"]
Starting service [Tomcat]
Starting Servlet engine: [Apache Tomcat/9.0.19]
Initializing Spring embedded WebApplicationContext
Root WebApplicationContext: initialization completed in 1099 ms
Initializing ExecutorService 'applicationTaskExecutor'
Starting ProtocolHandler ["http-nio-8080"]
Tomcat started on port(s): 8080 (http) with context path '/sell'
Started SellApplication in 3.283 seconds (JVM running for 4.601)
Initializing Spring DispatcherServlet 'dispatcherServlet'
Initializing Servlet 'dispatcherServlet'
Completed initialization in 6 ms
HikariPool-1 - Starting...
HikariPool-1 - Start completed.
Starting SellApplication on DESKTOP-GP4UST7 with PID 10928 (D:\workspace\sell\target\classes started by 89284 in D:\workspace\sell)
No active profile set, falling back to default profiles: default
Tomcat initialized with port(s): 8080 (http)
Initializing ProtocolHandler ["http-nio-8080"]
Starting service [Tomcat]
Starting Servlet engine: [Apache Tomcat/9.0.19]
Initializing Spring embedded WebApplicationContext
Root WebApplicationContext: initialization completed in 1048 ms
Initializing ExecutorService 'applicationTaskExecutor'
Starting ProtocolHandler ["http-nio-8080"]
Tomcat started on port(s): 8080 (http) with context path '/sell'
Started SellApplication in 3.119 seconds (JVM running for 4.614)
Initializing Spring DispatcherServlet 'dispatcherServlet'
Initializing Servlet 'dispatcherServlet'
Completed initialization in 6 ms
HikariPool-1 - Starting...
HikariPool-1 - Start completed.
Starting SellApplication on DESKTOP-GP4UST7 with PID 22972 (D:\workspace\sell\target\classes started by 89284 in D:\workspace\sell)
No active profile set, falling back to default profiles: default
Tomcat initialized with port(s): 8080 (http)
Initializing ProtocolHandler ["http-nio-8080"]
Starting service [Tomcat]
Starting Servlet engine: [Apache Tomcat/9.0.19]
Initializing Spring embedded WebApplicationContext
Root WebApplicationContext: initialization completed in 1144 ms
Initializing ExecutorService 'applicationTaskExecutor'
Starting ProtocolHandler ["http-nio-8080"]
Tomcat started on port(s): 8080 (http) with context path '/sell'
Started SellApplication in 3.406 seconds (JVM running for 4.697)
Initializing Spring DispatcherServlet 'dispatcherServlet'
Initializing Servlet 'dispatcherServlet'
Completed initialization in 6 ms
HikariPool-1 - Starting...
HikariPool-1 - Start completed.
Starting SellApplication on DESKTOP-GP4UST7 with PID 20464 (D:\workspace\sell\target\classes started by 89284 in D:\workspace\sell)
No active profile set, falling back to default profiles: default
Tomcat initialized with port(s): 8080 (http)
Initializing ProtocolHandler ["http-nio-8080"]
Starting service [Tomcat]
Starting Servlet engine: [Apache Tomcat/9.0.19]
Initializing Spring embedded WebApplicationContext
Root WebApplicationContext: initialization completed in 1087 ms
Initializing ExecutorService 'applicationTaskExecutor'
Starting ProtocolHandler ["http-nio-8080"]
Tomcat started on port(s): 8080 (http) with context path '/sell'
Started SellApplication in 3.269 seconds (JVM running for 4.61)
Initializing Spring DispatcherServlet 'dispatcherServlet'
Initializing Servlet 'dispatcherServlet'
Completed initialization in 7 ms
HikariPool-1 - Starting...
HikariPool-1 - Start completed.
【总页数】 page=3
【总页数】 page=3
【总页数】 page=3
【总页数】 page=3
【总页数】 page=3
【总页数】 page=3
Starting SellApplication on DESKTOP-GP4UST7 with PID 22868 (D:\workspace\sell\target\classes started by 89284 in D:\workspace\sell)
No active profile set, falling back to default profiles: default
Tomcat initialized with port(s): 8080 (http)
Initializing ProtocolHandler ["http-nio-8080"]
Starting service [Tomcat]
Starting Servlet engine: [Apache Tomcat/9.0.19]
Initializing Spring embedded WebApplicationContext
Root WebApplicationContext: initialization completed in 1122 ms
Initializing ExecutorService 'applicationTaskExecutor'
Starting ProtocolHandler ["http-nio-8080"]
Tomcat started on port(s): 8080 (http) with context path '/sell'
Started SellApplication in 3.363 seconds (JVM running for 4.675)
Initializing Spring DispatcherServlet 'dispatcherServlet'
Initializing Servlet 'dispatcherServlet'
Completed initialization in 8 ms
HikariPool-1 - Starting...
HikariPool-1 - Start completed.
【总页数】 page=3
【总页数】 page=3
【总页数】 page=3
Starting SellApplication on DESKTOP-GP4UST7 with PID 19292 (D:\workspace\sell\target\classes started by 89284 in D:\workspace\sell)
No active profile set, falling back to default profiles: default
Tomcat initialized with port(s): 8080 (http)
Initializing ProtocolHandler ["http-nio-8080"]
Starting service [Tomcat]
Starting Servlet engine: [Apache Tomcat/9.0.19]
Initializing Spring embedded WebApplicationContext
Root WebApplicationContext: initialization completed in 1024 ms
Initializing ExecutorService 'applicationTaskExecutor'
Starting ProtocolHandler ["http-nio-8080"]
Tomcat started on port(s): 8080 (http) with context path '/sell'
Started SellApplication in 3.067 seconds (JVM running for 4.312)
Initializing Spring DispatcherServlet 'dispatcherServlet'
Initializing Servlet 'dispatcherServlet'
Completed initialization in 6 ms
HikariPool-1 - Starting...
HikariPool-1 - Start completed.
【总页数】 page=3
【总页数】 page=3
【总页数】 page=3
