HikariPool-1 - Thread starvation or clock leap detected (housekeeper delta=9h28m19s691ms504µs552ns).
[ProductCategoryEntity(categoryId=1, categoryName=男生最爱, categoryType=1001, createTime=Tue Jun 11 14:08:47 CST 2019, updateTime=Tue Jun 11 14:08:47 CST 2019), ProductCategoryEntity(categoryId=2, categoryName=女生最爱, categoryType=1002, createTime=Tue Jun 11 14:30:43 CST 2019, updateTime=Tue Jun 11 14:30:43 CST 2019)]
Shutting down ExecutorService 'applicationTaskExecutor'
HikariPool-1 - Shutdown initiated...
HikariPool-1 - Shutdown completed.
HikariPool-1 - Starting...
Starting ProductInfoServiceImplTest on DESKTOP-GP4UST7 with PID 20856 (started by 89284 in D:\workspace\sell)
No active profile set, falling back to default profiles: default
Initializing ExecutorService 'applicationTaskExecutor'
Started ProductInfoServiceImplTest in 3.963 seconds (JVM running for 7.865)
HikariPool-1 - Starting...
HikariPool-1 - Start completed.
Shutting down ExecutorService 'applicationTaskExecutor'
HikariPool-1 - Shutdown initiated...
HikariPool-1 - Shutdown completed.
Starting ProductInfoServiceImplTest on DESKTOP-GP4UST7 with PID 28076 (started by 89284 in D:\workspace\sell)
No active profile set, falling back to default profiles: default
Initializing ExecutorService 'applicationTaskExecutor'
Started ProductInfoServiceImplTest in 5.282 seconds (JVM running for 7.033)
HikariPool-1 - Starting...
HikariPool-1 - Start completed.
Shutting down ExecutorService 'applicationTaskExecutor'
HikariPool-1 - Shutdown initiated...
HikariPool-1 - Shutdown completed.
Starting ProductInfoServiceImplTest on DESKTOP-GP4UST7 with PID 7004 (started by 89284 in D:\workspace\sell)
No active profile set, falling back to default profiles: default
Initializing ExecutorService 'applicationTaskExecutor'
Started ProductInfoServiceImplTest in 5.281 seconds (JVM running for 6.807)
HikariPool-1 - Starting...
HikariPool-1 - Start completed.
[ProductInfoEntity(productId=123456, productName=皮蛋粥, productPrice=3.50, productStock=100, productDescription=很好喝, productIcon=http://xxx.jpg, productStatus=0, categoryType=1001)]
Shutting down ExecutorService 'applicationTaskExecutor'
HikariPool-1 - Shutdown initiated...
HikariPool-1 - Shutdown completed.
Starting ProductInfoServiceImplTest on DESKTOP-GP4UST7 with PID 20260 (started by 89284 in D:\workspace\sell)
No active profile set, falling back to default profiles: default
Initializing ExecutorService 'applicationTaskExecutor'
Started ProductInfoServiceImplTest in 4.883 seconds (JVM running for 6.249)
HikariPool-1 - Starting...
HikariPool-1 - Start completed.
Shutting down ExecutorService 'applicationTaskExecutor'
HikariPool-1 - Shutdown initiated...
HikariPool-1 - Shutdown completed.
Starting ProductInfoServiceImplTest on DESKTOP-GP4UST7 with PID 4912 (started by 89284 in D:\workspace\sell)
No active profile set, falling back to default profiles: default
Initializing ExecutorService 'applicationTaskExecutor'
Started ProductInfoServiceImplTest in 5.77 seconds (JVM running for 7.432)
HikariPool-1 - Starting...
HikariPool-1 - Start completed.
[ProductInfoEntity(productId=123456, productName=皮蛋粥, productPrice=3.50, productStock=100, productDescription=很好喝, productIcon=http://xxx.jpg, productStatus=0, categoryType=1001)]
Shutting down ExecutorService 'applicationTaskExecutor'
HikariPool-1 - Shutdown initiated...
HikariPool-1 - Shutdown completed.
Starting ProductInfoServiceImplTest on DESKTOP-GP4UST7 with PID 21416 (started by 89284 in D:\workspace\sell)
No active profile set, falling back to default profiles: default
Initializing ExecutorService 'applicationTaskExecutor'
Started ProductInfoServiceImplTest in 3.59 seconds (JVM running for 4.629)
HikariPool-1 - Starting...
HikariPool-1 - Start completed.
[ProductInfoEntity(productId=123456, productName=皮蛋粥, productPrice=3.50, productStock=100, productDescription=很好喝, productIcon=http://xxx.jpg, productStatus=0, categoryType=1001)]
Shutting down ExecutorService 'applicationTaskExecutor'
HikariPool-1 - Shutdown initiated...
HikariPool-1 - Shutdown completed.
Starting ProductInfoServiceImplTest on DESKTOP-GP4UST7 with PID 26952 (started by 89284 in D:\workspace\sell)
No active profile set, falling back to default profiles: default
Initializing ExecutorService 'applicationTaskExecutor'
Started ProductInfoServiceImplTest in 3.876 seconds (JVM running for 7.204)
HikariPool-1 - Starting...
HikariPool-1 - Start completed.
[ProductInfoEntity(productId=123456, productName=皮蛋粥, productPrice=3.50, productStock=100, productDescription=很好喝, productIcon=http://xxx.jpg, productStatus=0, categoryType=1001)]
Shutting down ExecutorService 'applicationTaskExecutor'
HikariPool-1 - Shutdown initiated...
HikariPool-1 - Shutdown completed.
Starting SellApplication on DESKTOP-GP4UST7 with PID 25140 (D:\workspace\sell\target\classes started by 89284 in D:\workspace\sell)
No active profile set, falling back to default profiles: default
Tomcat initialized with port(s): 8080 (http)
Initializing ProtocolHandler ["http-nio-8080"]
Starting service [Tomcat]
Starting Servlet engine: [Apache Tomcat/9.0.19]
Initializing Spring embedded WebApplicationContext
Root WebApplicationContext: initialization completed in 958 ms
Initializing ExecutorService 'applicationTaskExecutor'
Starting ProtocolHandler ["http-nio-8080"]
Tomcat started on port(s): 8080 (http) with context path '/sell'
Started SellApplication in 2.31 seconds (JVM running for 3.283)
Initializing Spring DispatcherServlet 'dispatcherServlet'
Initializing Servlet 'dispatcherServlet'
Completed initialization in 9 ms
Starting SellApplication on DESKTOP-GP4UST7 with PID 16068 (D:\workspace\sell\target\classes started by 89284 in D:\workspace\sell)
No active profile set, falling back to default profiles: default
Tomcat initialized with port(s): 8080 (http)
Initializing ProtocolHandler ["http-nio-8080"]
Starting service [Tomcat]
Starting Servlet engine: [Apache Tomcat/9.0.19]
Initializing Spring embedded WebApplicationContext
Root WebApplicationContext: initialization completed in 1262 ms
Initializing ExecutorService 'applicationTaskExecutor'
Starting ProtocolHandler ["http-nio-8080"]
Tomcat started on port(s): 8080 (http) with context path '/sell'
Started SellApplication in 2.425 seconds (JVM running for 3.294)
Initializing Spring DispatcherServlet 'dispatcherServlet'
Initializing Servlet 'dispatcherServlet'
Completed initialization in 5 ms
Starting SellApplication on DESKTOP-GP4UST7 with PID 29304 (D:\workspace\sell\target\classes started by 89284 in D:\workspace\sell)
No active profile set, falling back to default profiles: default
Tomcat initialized with port(s): 8080 (http)
Initializing ProtocolHandler ["http-nio-8080"]
Starting service [Tomcat]
Starting Servlet engine: [Apache Tomcat/9.0.19]
Initializing Spring embedded WebApplicationContext
Root WebApplicationContext: initialization completed in 947 ms
Initializing ExecutorService 'applicationTaskExecutor'
Starting ProtocolHandler ["http-nio-8080"]
Tomcat started on port(s): 8080 (http) with context path '/sell'
Started SellApplication in 2.21 seconds (JVM running for 3.042)
Initializing Spring DispatcherServlet 'dispatcherServlet'
Initializing Servlet 'dispatcherServlet'
Completed initialization in 6 ms
Resolved [org.springframework.web.HttpMediaTypeNotAcceptableException: Could not find acceptable representation]
Starting SellApplication on DESKTOP-GP4UST7 with PID 23772 (D:\workspace\sell\target\classes started by 89284 in D:\workspace\sell)
No active profile set, falling back to default profiles: default
Tomcat initialized with port(s): 8080 (http)
Initializing ProtocolHandler ["http-nio-8080"]
Starting service [Tomcat]
Starting Servlet engine: [Apache Tomcat/9.0.19]
Initializing Spring embedded WebApplicationContext
Root WebApplicationContext: initialization completed in 996 ms
Initializing ExecutorService 'applicationTaskExecutor'
Starting ProtocolHandler ["http-nio-8080"]
Tomcat started on port(s): 8080 (http) with context path '/sell'
Started SellApplication in 2.183 seconds (JVM running for 3.075)
Initializing Spring DispatcherServlet 'dispatcherServlet'
Initializing Servlet 'dispatcherServlet'
Completed initialization in 5 ms
Starting SellApplication on DESKTOP-GP4UST7 with PID 16932 (D:\workspace\sell\target\classes started by 89284 in D:\workspace\sell)
No active profile set, falling back to default profiles: default
Tomcat initialized with port(s): 8080 (http)
Initializing ProtocolHandler ["http-nio-8080"]
Starting service [Tomcat]
Starting Servlet engine: [Apache Tomcat/9.0.19]
Initializing Spring embedded WebApplicationContext
Root WebApplicationContext: initialization completed in 951 ms
Initializing ExecutorService 'applicationTaskExecutor'
Starting ProtocolHandler ["http-nio-8080"]
Tomcat started on port(s): 8080 (http) with context path '/sell'
Started SellApplication in 2.255 seconds (JVM running for 3.19)
Initializing Spring DispatcherServlet 'dispatcherServlet'
Initializing Servlet 'dispatcherServlet'
Completed initialization in 4 ms
Starting SellApplication on DESKTOP-GP4UST7 with PID 10356 (D:\workspace\sell\target\classes started by 89284 in D:\workspace\sell)
No active profile set, falling back to default profiles: default
Tomcat initialized with port(s): 8080 (http)
Initializing ProtocolHandler ["http-nio-8080"]
Starting service [Tomcat]
Starting Servlet engine: [Apache Tomcat/9.0.19]
Initializing Spring embedded WebApplicationContext
Root WebApplicationContext: initialization completed in 1161 ms
Initializing ExecutorService 'applicationTaskExecutor'
Starting ProtocolHandler ["http-nio-8080"]
Tomcat started on port(s): 8080 (http) with context path '/sell'
Started SellApplication in 2.431 seconds (JVM running for 3.438)
Initializing Spring DispatcherServlet 'dispatcherServlet'
Initializing Servlet 'dispatcherServlet'
Completed initialization in 4 ms
Starting SellApplication on DESKTOP-GP4UST7 with PID 29540 (D:\workspace\sell\target\classes started by 89284 in D:\workspace\sell)
No active profile set, falling back to default profiles: default
Tomcat initialized with port(s): 8080 (http)
Initializing ProtocolHandler ["http-nio-8080"]
Starting service [Tomcat]
Starting Servlet engine: [Apache Tomcat/9.0.19]
Initializing Spring embedded WebApplicationContext
Root WebApplicationContext: initialization completed in 993 ms
Initializing ExecutorService 'applicationTaskExecutor'
Starting ProtocolHandler ["http-nio-8080"]
Tomcat started on port(s): 8080 (http) with context path '/sell'
Started SellApplication in 2.205 seconds (JVM running for 3.078)
Initializing Spring DispatcherServlet 'dispatcherServlet'
Initializing Servlet 'dispatcherServlet'
Completed initialization in 6 ms
Starting SellApplication on DESKTOP-GP4UST7 with PID 26228 (D:\workspace\sell\target\classes started by 89284 in D:\workspace\sell)
No active profile set, falling back to default profiles: default
Tomcat initialized with port(s): 8080 (http)
Initializing ProtocolHandler ["http-nio-8080"]
Starting service [Tomcat]
Starting Servlet engine: [Apache Tomcat/9.0.19]
Initializing Spring embedded WebApplicationContext
Root WebApplicationContext: initialization completed in 1076 ms
Initializing ExecutorService 'applicationTaskExecutor'
Starting ProtocolHandler ["http-nio-8080"]
Tomcat started on port(s): 8080 (http) with context path '/sell'
Started SellApplication in 2.284 seconds (JVM running for 3.179)
Initializing Spring DispatcherServlet 'dispatcherServlet'
Initializing Servlet 'dispatcherServlet'
Completed initialization in 4 ms
HikariPool-1 - Starting...
HikariPool-1 - Start completed.
Starting SellApplication on DESKTOP-GP4UST7 with PID 29104 (D:\workspace\sell\target\classes started by 89284 in D:\workspace\sell)
No active profile set, falling back to default profiles: default
Tomcat initialized with port(s): 8080 (http)
Initializing ProtocolHandler ["http-nio-8080"]
Starting service [Tomcat]
Starting Servlet engine: [Apache Tomcat/9.0.19]
Initializing Spring embedded WebApplicationContext
Root WebApplicationContext: initialization completed in 933 ms
Initializing ExecutorService 'applicationTaskExecutor'
Starting ProtocolHandler ["http-nio-8080"]
Tomcat started on port(s): 8080 (http) with context path '/sell'
Started SellApplication in 2.151 seconds (JVM running for 3.071)
Initializing Spring DispatcherServlet 'dispatcherServlet'
Initializing Servlet 'dispatcherServlet'
Completed initialization in 5 ms
HikariPool-1 - Starting...
HikariPool-1 - Start completed.
Starting SellApplication on DESKTOP-GP4UST7 with PID 23272 (D:\workspace\sell\target\classes started by 89284 in D:\workspace\sell)
No active profile set, falling back to default profiles: default
Tomcat initialized with port(s): 8080 (http)
Initializing ProtocolHandler ["http-nio-8080"]
Starting service [Tomcat]
Starting Servlet engine: [Apache Tomcat/9.0.19]
Initializing Spring embedded WebApplicationContext
Root WebApplicationContext: initialization completed in 978 ms
Initializing ExecutorService 'applicationTaskExecutor'
Starting ProtocolHandler ["http-nio-8080"]
Tomcat started on port(s): 8080 (http) with context path '/sell'
Started SellApplication in 2.196 seconds (JVM running for 3.138)
Initializing Spring DispatcherServlet 'dispatcherServlet'
Initializing Servlet 'dispatcherServlet'
Completed initialization in 4 ms
HikariPool-1 - Starting...
HikariPool-1 - Start completed.
Starting SellApplication on DESKTOP-GP4UST7 with PID 27272 (D:\workspace\sell\target\classes started by 89284 in D:\workspace\sell)
No active profile set, falling back to default profiles: default
Tomcat initialized with port(s): 8080 (http)
Initializing ProtocolHandler ["http-nio-8080"]
Starting service [Tomcat]
Starting Servlet engine: [Apache Tomcat/9.0.19]
Initializing Spring embedded WebApplicationContext
Root WebApplicationContext: initialization completed in 1056 ms
Initializing ExecutorService 'applicationTaskExecutor'
Starting ProtocolHandler ["http-nio-8080"]
Tomcat started on port(s): 8080 (http) with context path '/sell'
Started SellApplication in 2.497 seconds (JVM running for 3.753)
Starting SellApplication on DESKTOP-GP4UST7 with PID 18292 (D:\workspace\sell\target\classes started by 89284 in D:\workspace\sell)
No active profile set, falling back to default profiles: default
Tomcat initialized with port(s): 8080 (http)
Initializing ProtocolHandler ["http-nio-8080"]
Starting service [Tomcat]
Starting Servlet engine: [Apache Tomcat/9.0.19]
Initializing Spring embedded WebApplicationContext
Root WebApplicationContext: initialization completed in 1038 ms
Initializing ExecutorService 'applicationTaskExecutor'
Starting ProtocolHandler ["http-nio-8080"]
Tomcat started on port(s): 8080 (http) with context path '/sell'
Started SellApplication in 2.244 seconds (JVM running for 3.189)
Starting SellApplication on DESKTOP-GP4UST7 with PID 11016 (D:\workspace\sell\target\classes started by 89284 in D:\workspace\sell)
No active profile set, falling back to default profiles: default
Tomcat initialized with port(s): 8080 (http)
Initializing ProtocolHandler ["http-nio-8080"]
Starting service [Tomcat]
Starting Servlet engine: [Apache Tomcat/9.0.19]
Initializing Spring embedded WebApplicationContext
Root WebApplicationContext: initialization completed in 965 ms
Initializing ExecutorService 'applicationTaskExecutor'
Starting ProtocolHandler ["http-nio-8080"]
Tomcat started on port(s): 8080 (http) with context path '/sell'
Started SellApplication in 2.266 seconds (JVM running for 3.499)
Starting SellApplication on DESKTOP-GP4UST7 with PID 5832 (D:\workspace\sell\target\classes started by 89284 in D:\workspace\sell)
No active profile set, falling back to default profiles: default
Tomcat initialized with port(s): 8080 (http)
Initializing ProtocolHandler ["http-nio-8080"]
Starting service [Tomcat]
Starting Servlet engine: [Apache Tomcat/9.0.19]
Initializing Spring embedded WebApplicationContext
Root WebApplicationContext: initialization completed in 945 ms
Initializing ExecutorService 'applicationTaskExecutor'
Starting ProtocolHandler ["http-nio-8080"]
Tomcat started on port(s): 8080 (http) with context path '/sell'
Started SellApplication in 2.126 seconds (JVM running for 2.994)
Starting SellApplication on DESKTOP-GP4UST7 with PID 21588 (D:\workspace\sell\target\classes started by 89284 in D:\workspace\sell)
No active profile set, falling back to default profiles: default
Tomcat initialized with port(s): 8080 (http)
Initializing ProtocolHandler ["http-nio-8080"]
Starting service [Tomcat]
Starting Servlet engine: [Apache Tomcat/9.0.19]
Initializing Spring embedded WebApplicationContext
Root WebApplicationContext: initialization completed in 891 ms
Initializing ExecutorService 'applicationTaskExecutor'
Starting ProtocolHandler ["http-nio-8080"]
Tomcat started on port(s): 8080 (http) with context path '/sell'
Started SellApplication in 2.065 seconds (JVM running for 2.926)
Starting SellApplication on DESKTOP-GP4UST7 with PID 27308 (D:\workspace\sell\target\classes started by 89284 in D:\workspace\sell)
No active profile set, falling back to default profiles: default
Tomcat initialized with port(s): 8080 (http)
Initializing ProtocolHandler ["http-nio-8080"]
Starting service [Tomcat]
Starting Servlet engine: [Apache Tomcat/9.0.19]
Initializing Spring embedded WebApplicationContext
Root WebApplicationContext: initialization completed in 969 ms
Initializing ExecutorService 'applicationTaskExecutor'
Starting ProtocolHandler ["http-nio-8080"]
Tomcat started on port(s): 8080 (http) with context path '/sell'
Started SellApplication in 2.171 seconds (JVM running for 3.119)
Starting SellApplication on DESKTOP-GP4UST7 with PID 3216 (D:\workspace\sell\target\classes started by 89284 in D:\workspace\sell)
No active profile set, falling back to default profiles: default
Tomcat initialized with port(s): 8080 (http)
Initializing ProtocolHandler ["http-nio-8080"]
Starting service [Tomcat]
Starting Servlet engine: [Apache Tomcat/9.0.19]
Initializing Spring embedded WebApplicationContext
Root WebApplicationContext: initialization completed in 979 ms
Initializing ExecutorService 'applicationTaskExecutor'
Starting ProtocolHandler ["http-nio-8080"]
Tomcat started on port(s): 8080 (http) with context path '/sell'
Started SellApplication in 2.723 seconds (JVM running for 3.627)
Starting SellApplication on DESKTOP-GP4UST7 with PID 16528 (D:\workspace\sell\target\classes started by 89284 in D:\workspace\sell)
No active profile set, falling back to default profiles: default
Tomcat initialized with port(s): 8080 (http)
Initializing ProtocolHandler ["http-nio-8080"]
Starting service [Tomcat]
Starting Servlet engine: [Apache Tomcat/9.0.19]
Initializing Spring embedded WebApplicationContext
Root WebApplicationContext: initialization completed in 1134 ms
Initializing ExecutorService 'applicationTaskExecutor'
Starting ProtocolHandler ["http-nio-8080"]
Tomcat started on port(s): 8080 (http) with context path '/sell'
Started SellApplication in 2.419 seconds (JVM running for 3.424)
Initializing Spring DispatcherServlet 'dispatcherServlet'
Initializing Servlet 'dispatcherServlet'
Completed initialization in 5 ms
HikariPool-1 - Starting...
HikariPool-1 - Start completed.
Starting OrderMasterServiceImplTest on DESKTOP-GP4UST7 with PID 24880 (started by 89284 in D:\workspace\sell)
No active profile set, falling back to default profiles: default
Initializing ExecutorService 'applicationTaskExecutor'
Started OrderMasterServiceImplTest in 3.773 seconds (JVM running for 4.878)
HikariPool-1 - Starting...
HikariPool-1 - Start completed.
Shutting down ExecutorService 'applicationTaskExecutor'
HikariPool-1 - Shutdown initiated...
HikariPool-1 - Shutdown completed.
Starting OrderMasterServiceImplTest on DESKTOP-GP4UST7 with PID 31024 (started by 89284 in D:\workspace\sell)
No active profile set, falling back to default profiles: default
Initializing ExecutorService 'applicationTaskExecutor'
Started OrderMasterServiceImplTest in 3.77 seconds (JVM running for 4.78)
HikariPool-1 - Starting...
HikariPool-1 - Start completed.
Shutting down ExecutorService 'applicationTaskExecutor'
HikariPool-1 - Shutdown initiated...
HikariPool-1 - Shutdown completed.
Starting OrderMasterServiceImplTest on DESKTOP-GP4UST7 with PID 1648 (started by 89284 in D:\workspace\sell)
No active profile set, falling back to default profiles: default
Initializing ExecutorService 'applicationTaskExecutor'
Started OrderMasterServiceImplTest in 4.935 seconds (JVM running for 6.043)
HikariPool-1 - Starting...
HikariPool-1 - Start completed.
Shutting down ExecutorService 'applicationTaskExecutor'
HikariPool-1 - Shutdown initiated...
HikariPool-1 - Shutdown completed.
Starting OrderMasterServiceImplTest on DESKTOP-GP4UST7 with PID 31588 (started by 89284 in D:\workspace\sell)
No active profile set, falling back to default profiles: default
Initializing ExecutorService 'applicationTaskExecutor'
Started OrderMasterServiceImplTest in 3.569 seconds (JVM running for 4.521)
HikariPool-1 - Starting...
HikariPool-1 - Start completed.
[OrderMasterEntity(orderId=123456, buyerName=超超, buyerPhone=18888866666, buyerAddress=工业大学, buyerOpenid=110110, orderAmount=3.50, orderStatus=0, payStatus=0, createTime=Wed Jun 12 15:04:47 CST 2019, updateTime=Wed Jun 12 15:04:47 CST 2019), OrderMasterEntity(orderId=1234567, buyerName=超超, buyerPhone=18888866666, buyerAddress=工业大学, buyerOpenid=110110, orderAmount=2.50, orderStatus=0, payStatus=0, createTime=Wed Jun 12 15:06:52 CST 2019, updateTime=Wed Jun 12 15:06:52 CST 2019)]
Shutting down ExecutorService 'applicationTaskExecutor'
HikariPool-1 - Shutdown initiated...
HikariPool-1 - Shutdown completed.
Starting OrderMasterServiceImplTest on DESKTOP-GP4UST7 with PID 31024 (started by 89284 in D:\workspace\sell)
No active profile set, falling back to default profiles: default
Initializing ExecutorService 'applicationTaskExecutor'
Started OrderMasterServiceImplTest in 3.592 seconds (JVM running for 4.54)
HikariPool-1 - Starting...
HikariPool-1 - Start completed.
[OrderMasterEntity(orderId=123456, buyerName=超超, buyerPhone=18888866666, buyerAddress=工业大学, buyerOpenid=110110, orderAmount=3.50, orderStatus=0, payStatus=0, createTime=Wed Jun 12 15:04:47 CST 2019, updateTime=Wed Jun 12 15:04:47 CST 2019)]
Shutting down ExecutorService 'applicationTaskExecutor'
HikariPool-1 - Shutdown initiated...
HikariPool-1 - Shutdown completed.
Starting OrderMasterServiceImplTest on DESKTOP-GP4UST7 with PID 23960 (started by 89284 in D:\workspace\sell)
No active profile set, falling back to default profiles: default
Initializing ExecutorService 'applicationTaskExecutor'
Started OrderMasterServiceImplTest in 4.496 seconds (JVM running for 5.55)
HikariPool-1 - Starting...
HikariPool-1 - Start completed.
[OrderMasterEntity(orderId=1234567, buyerName=超超, buyerPhone=18888866666, buyerAddress=工业大学, buyerOpenid=110110, orderAmount=2.50, orderStatus=0, payStatus=0, createTime=Wed Jun 12 15:06:52 CST 2019, updateTime=Wed Jun 12 15:06:52 CST 2019)]
Shutting down ExecutorService 'applicationTaskExecutor'
HikariPool-1 - Shutdown initiated...
HikariPool-1 - Shutdown completed.
